
[2026-03-07T23:50:17Z] RUN ./scripts/ci/phase1_gates.sh
    Checking rustynetd v0.1.0 (/Users/iwanteague/Desktop/Rustynet/crates/rustynetd)
error: this `if` statement can be collapsed
   --> crates/rustynetd/src/phase10.rs:697:9
    |
697 | /         if let Some(table) = self.firewall_table.clone() {
698 | |             if table == target_table {
699 | |                 if self.killswitch_chain_exists(table.as_str())? {
700 | |                     return Ok(table);
...   |
706 | |         }
    | |_________^
    |
    = help: for further information visit https://rust-lang.github.io/rust-clippy/rust-1.92.0/index.html#collapsible_if
    = note: `-D clippy::collapsible-if` implied by `-D warnings`
    = help: to override `-D warnings` add `#[allow(clippy::collapsible_if)]`
help: collapse nested if block
    |
697 ~         if let Some(table) = self.firewall_table.clone()
698 ~             && table == target_table {
699 |                 if self.killswitch_chain_exists(table.as_str())? {
...
704 |                 self.firewall_table = None;
705 ~             }
    |

error: this `if` statement can be collapsed
    --> crates/rustynetd/src/phase10.rs:1057:9
     |
1057 | /         if let Some(previous) = previous_table {
1058 | |             if previous != table {
1059 | |                 self.run_allow_failure(
1060 | |                     PrivilegedCommandProgram::Nft,
...    |
1064 | |         }
     | |_________^
     |
     = help: for further information visit https://rust-lang.github.io/rust-clippy/rust-1.92.0/index.html#collapsible_if
help: collapse nested if block
     |
1057 ~         if let Some(previous) = previous_table
1058 ~             && previous != table {
1059 |                 self.run_allow_failure(
 ...
1062 |                 );
1063 ~             }
     |

error: could not compile `rustynetd` (lib) due to 2 previous errors
warning: build failed, waiting for other jobs to finish...
error: could not compile `rustynetd` (lib test) due to 2 previous errors
