[five-node-matrix] Host debian@192.168.18.49: cleanup
spawn scp -o StrictHostKeyChecking=accept-new -o ConnectTimeout=15 /tmp/rustynet-five-node.2Klphy/rn_cleanup.sh debian@192.168.18.49:/tmp/rn_cleanup.sh
rn_cleanup.sh                                   0%    0     0.0KB/s   --:-- ETA
rn_cleanup.sh                                 100% 1941   428.9KB/s   00:00    
spawn scp -o StrictHostKeyChecking=accept-new -o ConnectTimeout=15 /tmp/rustynet-five-node.2Klphy/rn_sudo.pass debian@192.168.18.49:/tmp/rn_sudo.pass
rn_sudo.pass                                    0%    0     0.0KB/s   --:-- ETA
rn_sudo.pass                                  100%    6     1.5KB/s   00:00    
spawn ssh -o StrictHostKeyChecking=accept-new -o ConnectTimeout=15 debian@192.168.18.49 chmod 700 /tmp/rn_cleanup.sh && bash /tmp/rn_cleanup.sh
[five-node-matrix] Host debian@192.168.18.50: cleanup
spawn scp -o StrictHostKeyChecking=accept-new -o ConnectTimeout=15 /tmp/rustynet-five-node.2Klphy/rn_cleanup.sh debian@192.168.18.50:/tmp/rn_cleanup.sh
rn_cleanup.sh                                   0%    0     0.0KB/s   --:-- ETA
rn_cleanup.sh                                 100% 1941   473.1KB/s   00:00    
spawn scp -o StrictHostKeyChecking=accept-new -o ConnectTimeout=15 /tmp/rustynet-five-node.2Klphy/rn_sudo.pass debian@192.168.18.50:/tmp/rn_sudo.pass
rn_sudo.pass                                    0%    0     0.0KB/s   --:-- ETA
rn_sudo.pass                                  100%    6     1.1KB/s   00:00    
spawn ssh -o StrictHostKeyChecking=accept-new -o ConnectTimeout=15 debian@192.168.18.50 chmod 700 /tmp/rn_cleanup.sh && bash /tmp/rn_cleanup.sh
[five-node-matrix] Host fedora@192.168.18.51: cleanup
spawn scp -o StrictHostKeyChecking=accept-new -o ConnectTimeout=15 /tmp/rustynet-five-node.2Klphy/rn_cleanup.sh fedora@192.168.18.51:/tmp/rn_cleanup.sh
rn_cleanup.sh                                   0%    0     0.0KB/s   --:-- ETA
rn_cleanup.sh                                 100% 1941   339.3KB/s   00:00    
spawn scp -o StrictHostKeyChecking=accept-new -o ConnectTimeout=15 /tmp/rustynet-five-node.2Klphy/rn_sudo.pass fedora@192.168.18.51:/tmp/rn_sudo.pass
rn_sudo.pass                                    0%    0     0.0KB/s   --:-- ETA
rn_sudo.pass                                  100%    6     1.7KB/s   00:00    
spawn ssh -o StrictHostKeyChecking=accept-new -o ConnectTimeout=15 fedora@192.168.18.51 chmod 700 /tmp/rn_cleanup.sh && bash /tmp/rn_cleanup.sh
[five-node-matrix] Host ubuntu@192.168.18.52: cleanup
spawn scp -o StrictHostKeyChecking=accept-new -o ConnectTimeout=15 /tmp/rustynet-five-node.2Klphy/rn_cleanup.sh ubuntu@192.168.18.52:/tmp/rn_cleanup.sh
rn_cleanup.sh                                   0%    0     0.0KB/s   --:-- ETA
rn_cleanup.sh                                 100% 1941   509.1KB/s   00:00    
spawn scp -o StrictHostKeyChecking=accept-new -o ConnectTimeout=15 /tmp/rustynet-five-node.2Klphy/rn_sudo.pass ubuntu@192.168.18.52:/tmp/rn_sudo.pass
rn_sudo.pass                                    0%    0     0.0KB/s   --:-- ETA
rn_sudo.pass                                  100%    6     0.9KB/s   00:00    
spawn ssh -o StrictHostKeyChecking=accept-new -o ConnectTimeout=15 ubuntu@192.168.18.52 chmod 700 /tmp/rn_cleanup.sh && bash /tmp/rn_cleanup.sh
[five-node-matrix] Host mint@192.168.18.53: cleanup
spawn scp -o StrictHostKeyChecking=accept-new -o ConnectTimeout=15 /tmp/rustynet-five-node.2Klphy/rn_cleanup.sh mint@192.168.18.53:/tmp/rn_cleanup.sh
rn_cleanup.sh                                   0%    0     0.0KB/s   --:-- ETA
rn_cleanup.sh                                 100% 1941   445.6KB/s   00:00    
spawn scp -o StrictHostKeyChecking=accept-new -o ConnectTimeout=15 /tmp/rustynet-five-node.2Klphy/rn_sudo.pass mint@192.168.18.53:/tmp/rn_sudo.pass
rn_sudo.pass                                    0%    0     0.0KB/s   --:-- ETA
rn_sudo.pass                                  100%    6     1.6KB/s   00:00    
spawn ssh -o StrictHostKeyChecking=accept-new -o ConnectTimeout=15 mint@192.168.18.53 chmod 700 /tmp/rn_cleanup.sh && bash /tmp/rn_cleanup.sh
[five-node-matrix] Host debian@192.168.18.49: bootstrap exit-49 (admin)
spawn scp -o StrictHostKeyChecking=accept-new -o ConnectTimeout=15 /tmp/rustynet-five-node.2Klphy/rn_bootstrap.sh debian@192.168.18.49:/tmp/rn_bootstrap.sh
rn_bootstrap.sh                                 0%    0     0.0KB/s   --:-- ETA
rn_bootstrap.sh                               100% 2800   483.5KB/s   00:00    
spawn scp -o StrictHostKeyChecking=accept-new -o ConnectTimeout=15 /tmp/rustynet-five-node.2Klphy/bootstrap-49.env debian@192.168.18.49:/tmp/rn_bootstrap.env
bootstrap-49.env                                0%    0     0.0KB/s   --:-- ETA
bootstrap-49.env                              100%  131    36.4KB/s   00:00    
spawn scp -o StrictHostKeyChecking=accept-new -o ConnectTimeout=15 /tmp/rustynet-five-node.2Klphy/rn_source.tar.gz debian@192.168.18.49:/tmp/rn_source.tar.gz
rn_source.tar.gz                                0%    0     0.0KB/s   --:-- ETA
rn_source.tar.gz                              100% 1296KB  22.9MB/s   00:00    
spawn scp -o StrictHostKeyChecking=accept-new -o ConnectTimeout=15 /tmp/rustynet-five-node.2Klphy/rn_sudo.pass debian@192.168.18.49:/tmp/rn_sudo.pass
rn_sudo.pass                                    0%    0     0.0KB/s   --:-- ETA
rn_sudo.pass                                  100%    6     1.6KB/s   00:00    
spawn ssh -o StrictHostKeyChecking=accept-new -o ConnectTimeout=15 debian@192.168.18.49 chmod 700 /tmp/rn_bootstrap.sh && bash /tmp/rn_bootstrap.sh /tmp/rn_bootstrap.env
Hit:1 http://deb.debian.org/debian trixie InRelease
Hit:2 http://security.debian.org/debian-security trixie-security InRelease
Hit:3 http://deb.debian.org/debian trixie-updates InRelease
Reading package lists...
Reading package lists...
Building dependency tree...
Reading state information...
ca-certificates is already the newest version (20250419).
curl is already the newest version (8.14.1-2+deb13u2).
git is already the newest version (1:2.47.3-0+deb13u1).
build-essential is already the newest version (12.12).
pkg-config is already the newest version (1.8.1-4).
libssl-dev is already the newest version (3.5.4-1~deb13u2).
libsqlite3-dev is already the newest version (3.46.1-7).
clang is already the newest version (1:19.0-63).
llvm is already the newest version (1:19.0-63).
nftables is already the newest version (1.1.3-1).
wireguard-tools is already the newest version (1.0.20210914-3).
openssl is already the newest version (3.5.4-1~deb13u2).
rustup is already the newest version (1.27.1-3+b1).
The following packages were automatically installed and are no longer required:
  libgit2-1.9 libhttp-parser2.9 libmbedtls21 libmbedx509-7 lld-19 rust-llvm
Use 'sudo apt autoremove' to remove them.
0 upgraded, 0 newly installed, 0 to remove and 0 not upgraded.
tar: Ignoring unknown extended header keyword 'LIBARCHIVE.xattr.com.apple.macl'
info: profile set to 'minimal'
info: using existing install for '1.88.0-x86_64-unknown-linux-gnu'
info: default toolchain set to '1.88.0-x86_64-unknown-linux-gnu'
  1.88.0-x86_64-unknown-linux-gnu unchanged - rustc 1.88.0 (6b00bc388 2025-06-23)
info: note that the toolchain '1.88.0-x86_64-unknown-linux-gnu' is currently in use (overridden by '/home/debian/Rustynet/rust-toolchain.toml')
cargo 1.88.0 (873a06493 2025-05-10)
rustc 1.88.0 (6b00bc388 2025-06-23)
   Compiling version_check v0.9.5
   Compiling cfg-if v1.0.4
   Compiling libc v0.2.182
   Compiling typenum v1.19.0
   Compiling subtle v2.6.1
   Compiling proc-macro2 v1.0.106
   Compiling zerocopy v0.8.40
   Compiling generic-array v0.14.7
   Compiling quote v1.0.44
   Compiling unicode-ident v1.0.24
   Compiling block-buffer v0.10.4
   Compiling cpufeatures v0.2.17
   Compiling syn v2.0.117
   Compiling getrandom v0.2.17
   Compiling rand_core v0.6.4
   Compiling crypto-common v0.1.7
   Compiling zeroize v1.8.2
   Compiling digest v0.10.7
   Compiling semver v1.0.27
   Compiling rustc_version v0.4.1
   Compiling ahash v0.8.12
   Compiling shlex v1.3.0
   Compiling find-msvc-tools v0.1.9
   Compiling cc v1.2.56
   Compiling curve25519-dalek v4.1.3
   Compiling inout v0.1.4
   Compiling once_cell v1.21.3
   Compiling autocfg v1.5.0
   Compiling pkg-config v0.3.32
   Compiling vcpkg v0.2.15
   Compiling ppv-lite86 v0.2.21
   Compiling curve25519-dalek-derive v0.1.1
   Compiling memoffset v0.9.1
   Compiling cipher v0.4.4
   Compiling universal-hash v0.5.1
   Compiling opaque-debug v0.3.1
   Compiling signature v2.2.0
   Compiling libsqlite3-sys v0.30.1
   Compiling cfg_aliases v0.2.1
   Compiling serde_core v1.0.228
   Compiling base64ct v1.8.3
   Compiling password-hash v0.5.0
   Compiling nix v0.29.0
   Compiling ed25519 v2.2.3
   Compiling chacha20 v0.9.1
   Compiling poly1305 v0.8.0
   Compiling rand_chacha v0.3.1
   Compiling hashbrown v0.14.5
   Compiling sha2 v0.10.9
   Compiling blake2 v0.10.6
   Compiling aead v0.5.2
   Compiling zmij v1.0.21
   Compiling bitflags v2.11.0
   Compiling argon2 v0.5.3
   Compiling chacha20poly1305 v0.10.1
   Compiling ed25519-dalek v2.2.0
   Compiling hashlink v0.9.1
   Compiling rand v0.8.5
   Compiling hmac v0.12.1
   Compiling smallvec v1.15.1
   Compiling fallible-streaming-iterator v0.1.9
   Compiling fallible-iterator v0.3.0
   Compiling serde_json v1.0.149
   Compiling serde v1.0.228
   Compiling hkdf v0.12.4
   Compiling rustynet-crypto v0.1.0 (/home/debian/Rustynet/crates/rustynet-crypto)
   Compiling serde_derive v1.0.228
   Compiling rustynet-policy v0.1.0 (/home/debian/Rustynet/crates/rustynet-policy)
   Compiling memchr v2.8.0
   Compiling rustynet-backend-api v0.1.0 (/home/debian/Rustynet/crates/rustynet-backend-api)
   Compiling itoa v1.0.17
   Compiling rustynet-backend-wireguard v0.1.0 (/home/debian/Rustynet/crates/rustynet-backend-wireguard)
   Compiling rusqlite v0.32.1
   Compiling rustynet-control v0.1.0 (/home/debian/Rustynet/crates/rustynet-control)
   Compiling rustynetd v0.1.0 (/home/debian/Rustynet/crates/rustynetd)
   Compiling rustynet-cli v0.1.0 (/home/debian/Rustynet/crates/rustynet-cli)
    Finished `release` profile [optimized] target(s) in 49.82s
Failed to disable unit: Unit rustynetd.service does not exist
Failed to disable unit: Unit rustynetd-privileged-helper.service does not exist
Failed to disable unit: Unit rustynetd-trust-refresh.service does not exist
Failed to disable unit: Unit rustynetd-trust-refresh.timer does not exist
Cannot find device "rustynet0"
e2e bootstrap host complete: role=admin node_id=exit-49 src_dir=/home/debian/Rustynet
[five-node-matrix] Host debian@192.168.18.50: bootstrap client-50 (client)
spawn scp -o StrictHostKeyChecking=accept-new -o ConnectTimeout=15 /tmp/rustynet-five-node.2Klphy/rn_bootstrap.sh debian@192.168.18.50:/tmp/rn_bootstrap.sh
rn_bootstrap.sh                                 0%    0     0.0KB/s   --:-- ETA
rn_bootstrap.sh                               100% 2800   638.9KB/s   00:00    
spawn scp -o StrictHostKeyChecking=accept-new -o ConnectTimeout=15 /tmp/rustynet-five-node.2Klphy/bootstrap-50.env debian@192.168.18.50:/tmp/rn_bootstrap.env
bootstrap-50.env                                0%    0     0.0KB/s   --:-- ETA
bootstrap-50.env                              100%  134    31.6KB/s   00:00    
spawn scp -o StrictHostKeyChecking=accept-new -o ConnectTimeout=15 /tmp/rustynet-five-node.2Klphy/rn_source.tar.gz debian@192.168.18.50:/tmp/rn_source.tar.gz
rn_source.tar.gz                                0%    0     0.0KB/s   --:-- ETA
rn_source.tar.gz                              100% 1296KB  24.0MB/s   00:00    
spawn scp -o StrictHostKeyChecking=accept-new -o ConnectTimeout=15 /tmp/rustynet-five-node.2Klphy/rn_sudo.pass debian@192.168.18.50:/tmp/rn_sudo.pass
rn_sudo.pass                                    0%    0     0.0KB/s   --:-- ETA
rn_sudo.pass                                  100%    6     1.8KB/s   00:00    
spawn ssh -o StrictHostKeyChecking=accept-new -o ConnectTimeout=15 debian@192.168.18.50 chmod 700 /tmp/rn_bootstrap.sh && bash /tmp/rn_bootstrap.sh /tmp/rn_bootstrap.env
Hit:1 http://security.debian.org/debian-security trixie-security InRelease
Hit:2 http://deb.debian.org/debian trixie InRelease
Hit:3 http://deb.debian.org/debian trixie-updates InRelease
Reading package lists...
Reading package lists...
Building dependency tree...
Reading state information...
ca-certificates is already the newest version (20250419).
curl is already the newest version (8.14.1-2+deb13u2).
git is already the newest version (1:2.47.3-0+deb13u1).
build-essential is already the newest version (12.12).
pkg-config is already the newest version (1.8.1-4).
libssl-dev is already the newest version (3.5.4-1~deb13u2).
libsqlite3-dev is already the newest version (3.46.1-7).
clang is already the newest version (1:19.0-63).
llvm is already the newest version (1:19.0-63).
nftables is already the newest version (1.1.3-1).
wireguard-tools is already the newest version (1.0.20210914-3).
openssl is already the newest version (3.5.4-1~deb13u2).
rustup is already the newest version (1.27.1-3+b1).
The following packages were automatically installed and are no longer required:
  libgit2-1.9 libhttp-parser2.9 libmbedtls21 libmbedx509-7 lld-19 rust-llvm
Use 'sudo apt autoremove' to remove them.
0 upgraded, 0 newly installed, 0 to remove and 0 not upgraded.
tar: Ignoring unknown extended header keyword 'LIBARCHIVE.xattr.com.apple.macl'
info: profile set to 'minimal'
info: using existing install for '1.88.0-x86_64-unknown-linux-gnu'
info: default toolchain set to '1.88.0-x86_64-unknown-linux-gnu'
  1.88.0-x86_64-unknown-linux-gnu unchanged - rustc 1.88.0 (6b00bc388 2025-06-23)
info: note that the toolchain '1.88.0-x86_64-unknown-linux-gnu' is currently in use (overridden by '/home/debian/Rustynet/rust-toolchain.toml')
cargo 1.88.0 (873a06493 2025-05-10)
rustc 1.88.0 (6b00bc388 2025-06-23)
   Compiling version_check v0.9.5
   Compiling cfg-if v1.0.4
   Compiling libc v0.2.182
   Compiling typenum v1.19.0
   Compiling subtle v2.6.1
   Compiling generic-array v0.14.7
   Compiling proc-macro2 v1.0.106
   Compiling zerocopy v0.8.40
   Compiling unicode-ident v1.0.24
   Compiling quote v1.0.44
   Compiling block-buffer v0.10.4
   Compiling cpufeatures v0.2.17
   Compiling zeroize v1.8.2
   Compiling semver v1.0.27
   Compiling getrandom v0.2.17
   Compiling rand_core v0.6.4
   Compiling syn v2.0.117
   Compiling rustc_version v0.4.1
   Compiling crypto-common v0.1.7
   Compiling digest v0.10.7
   Compiling ahash v0.8.12
   Compiling find-msvc-tools v0.1.9
   Compiling shlex v1.3.0
   Compiling cc v1.2.56
   Compiling curve25519-dalek v4.1.3
   Compiling inout v0.1.4
   Compiling autocfg v1.5.0
   Compiling vcpkg v0.2.15
   Compiling pkg-config v0.3.32
   Compiling once_cell v1.21.3
   Compiling ppv-lite86 v0.2.21
   Compiling libsqlite3-sys v0.30.1
   Compiling memoffset v0.9.1
   Compiling cipher v0.4.4
   Compiling universal-hash v0.5.1
   Compiling cfg_aliases v0.2.1
   Compiling base64ct v1.8.3
   Compiling serde_core v1.0.228
   Compiling curve25519-dalek-derive v0.1.1
   Compiling signature v2.2.0
   Compiling opaque-debug v0.3.1
   Compiling poly1305 v0.8.0
   Compiling password-hash v0.5.0
   Compiling ed25519 v2.2.3
   Compiling nix v0.29.0
   Compiling chacha20 v0.9.1
   Compiling hashbrown v0.14.5
   Compiling rand_chacha v0.3.1
   Compiling blake2 v0.10.6
   Compiling sha2 v0.10.9
   Compiling aead v0.5.2
   Compiling bitflags v2.11.0
   Compiling zmij v1.0.21
   Compiling chacha20poly1305 v0.10.1
   Compiling ed25519-dalek v2.2.0
   Compiling argon2 v0.5.3
   Compiling hashlink v0.9.1
   Compiling rand v0.8.5
   Compiling hmac v0.12.1
   Compiling fallible-streaming-iterator v0.1.9
   Compiling serde v1.0.228
   Compiling fallible-iterator v0.3.0
   Compiling serde_json v1.0.149
   Compiling smallvec v1.15.1
   Compiling hkdf v0.12.4
   Compiling rustynet-crypto v0.1.0 (/home/debian/Rustynet/crates/rustynet-crypto)
   Compiling serde_derive v1.0.228
   Compiling rustynet-policy v0.1.0 (/home/debian/Rustynet/crates/rustynet-policy)
   Compiling itoa v1.0.17
   Compiling memchr v2.8.0
   Compiling rustynet-backend-api v0.1.0 (/home/debian/Rustynet/crates/rustynet-backend-api)
   Compiling rustynet-backend-wireguard v0.1.0 (/home/debian/Rustynet/crates/rustynet-backend-wireguard)
   Compiling rusqlite v0.32.1
   Compiling rustynet-control v0.1.0 (/home/debian/Rustynet/crates/rustynet-control)
   Compiling rustynetd v0.1.0 (/home/debian/Rustynet/crates/rustynetd)
   Compiling rustynet-cli v0.1.0 (/home/debian/Rustynet/crates/rustynet-cli)
    Finished `release` profile [optimized] target(s) in 47.28s
Failed to disable unit: Unit rustynetd.service does not exist
Failed to disable unit: Unit rustynetd-privileged-helper.service does not exist
Failed to disable unit: Unit rustynetd-trust-refresh.service does not exist
Failed to disable unit: Unit rustynetd-trust-refresh.timer does not exist
Cannot find device "rustynet0"
e2e bootstrap host complete: role=client node_id=client-50 src_dir=/home/debian/Rustynet
[five-node-matrix] Host fedora@192.168.18.51: bootstrap client-51 (client)
spawn scp -o StrictHostKeyChecking=accept-new -o ConnectTimeout=15 /tmp/rustynet-five-node.2Klphy/rn_bootstrap.sh fedora@192.168.18.51:/tmp/rn_bootstrap.sh
rn_bootstrap.sh                                 0%    0     0.0KB/s   --:-- ETA
rn_bootstrap.sh                               100% 2800   685.3KB/s   00:00    
spawn scp -o StrictHostKeyChecking=accept-new -o ConnectTimeout=15 /tmp/rustynet-five-node.2Klphy/bootstrap-51.env fedora@192.168.18.51:/tmp/rn_bootstrap.env
bootstrap-51.env                                0%    0     0.0KB/s   --:-- ETA
bootstrap-51.env                              100%  134    27.1KB/s   00:00    
spawn scp -o StrictHostKeyChecking=accept-new -o ConnectTimeout=15 /tmp/rustynet-five-node.2Klphy/rn_source.tar.gz fedora@192.168.18.51:/tmp/rn_source.tar.gz
rn_source.tar.gz                                0%    0     0.0KB/s   --:-- ETA
rn_source.tar.gz                              100% 1296KB  18.0MB/s   00:00    
spawn scp -o StrictHostKeyChecking=accept-new -o ConnectTimeout=15 /tmp/rustynet-five-node.2Klphy/rn_sudo.pass fedora@192.168.18.51:/tmp/rn_sudo.pass
rn_sudo.pass                                    0%    0     0.0KB/s   --:-- ETA
rn_sudo.pass                                  100%    6     1.2KB/s   00:00    
spawn ssh -o StrictHostKeyChecking=accept-new -o ConnectTimeout=15 fedora@192.168.18.51 chmod 700 /tmp/rn_bootstrap.sh && bash /tmp/rn_bootstrap.sh /tmp/rn_bootstrap.env
Updating and loading repositories:
Repositories loaded.
Nothing to do.
Package "ca-certificates-2025.2.80_v9.0.304-1.1.fc43.noarch" is already installed.
Package "curl-8.15.0-2.fc43.x86_64" is already installed.
Package "git-2.51.0-2.fc43.x86_64" is already installed.
Package "gcc-15.2.1-7.fc43.x86_64" is already installed.
Package "gcc-c++-15.2.1-7.fc43.x86_64" is already installed.
Package "make-1:4.4.1-11.fc43.x86_64" is already installed.
Package "pkgconf-pkg-config-2.3.0-3.fc43.x86_64" is already installed.
Package "openssl-devel-1:3.5.4-2.fc43.x86_64" is already installed.
Package "sqlite-devel-3.50.2-2.fc43.x86_64" is already installed.
Package "clang-21.1.8-4.fc43.x86_64" is already installed.
Package "llvm-21.1.8-4.fc43.x86_64" is already installed.
Package "nftables-1:1.1.3-5.fc43.x86_64" is already installed.
Package "wireguard-tools-1.0.20250521-2.fc43.x86_64" is already installed.
Package "rustup-1.28.2-8.fc43.x86_64" is already installed.
tar: Ignoring unknown extended header keyword 'LIBARCHIVE.xattr.com.apple.macl'
info: profile set to 'minimal'
info: using existing install for '1.88.0-x86_64-unknown-linux-gnu'
info: default toolchain set to '1.88.0-x86_64-unknown-linux-gnu'
  1.88.0-x86_64-unknown-linux-gnu unchanged - rustc 1.88.0 (6b00bc388 2025-06-23)
info: note that the toolchain '1.88.0-x86_64-unknown-linux-gnu' is currently in use (overridden by '/home/fedora/Rustynet/rust-toolchain.toml')
cargo 1.88.0 (873a06493 2025-05-10)
rustc 1.88.0 (6b00bc388 2025-06-23)
   Compiling version_check v0.9.5
   Compiling cfg-if v1.0.4
   Compiling libc v0.2.182
   Compiling typenum v1.19.0
   Compiling subtle v2.6.1
   Compiling zerocopy v0.8.40
   Compiling generic-array v0.14.7
   Compiling proc-macro2 v1.0.106
   Compiling unicode-ident v1.0.24
   Compiling quote v1.0.44
   Compiling cpufeatures v0.2.17
   Compiling block-buffer v0.10.4
   Compiling syn v2.0.117
   Compiling getrandom v0.2.17
   Compiling rand_core v0.6.4
   Compiling crypto-common v0.1.7
   Compiling digest v0.10.7
   Compiling semver v1.0.27
   Compiling zeroize v1.8.2
   Compiling rustc_version v0.4.1
   Compiling ahash v0.8.12
   Compiling find-msvc-tools v0.1.9
   Compiling shlex v1.3.0
   Compiling cc v1.2.56
   Compiling curve25519-dalek v4.1.3
   Compiling inout v0.1.4
   Compiling pkg-config v0.3.32
   Compiling autocfg v1.5.0
   Compiling once_cell v1.21.3
   Compiling vcpkg v0.2.15
   Compiling memoffset v0.9.1
   Compiling ppv-lite86 v0.2.21
   Compiling curve25519-dalek-derive v0.1.1
   Compiling cipher v0.4.4
   Compiling universal-hash v0.5.1
   Compiling cfg_aliases v0.2.1
   Compiling opaque-debug v0.3.1
   Compiling serde_core v1.0.228
   Compiling libsqlite3-sys v0.30.1
   Compiling base64ct v1.8.3
   Compiling signature v2.2.0
   Compiling ed25519 v2.2.3
   Compiling password-hash v0.5.0
   Compiling poly1305 v0.8.0
   Compiling nix v0.29.0
   Compiling chacha20 v0.9.1
   Compiling rand_chacha v0.3.1
   Compiling hashbrown v0.14.5
   Compiling sha2 v0.10.9
   Compiling blake2 v0.10.6
   Compiling aead v0.5.2
   Compiling bitflags v2.11.0
   Compiling zmij v1.0.21
   Compiling chacha20poly1305 v0.10.1
   Compiling argon2 v0.5.3
   Compiling ed25519-dalek v2.2.0
   Compiling hashlink v0.9.1
   Compiling rand v0.8.5
   Compiling hmac v0.12.1
   Compiling serde v1.0.228
   Compiling fallible-iterator v0.3.0
   Compiling smallvec v1.15.1
   Compiling serde_json v1.0.149
   Compiling fallible-streaming-iterator v0.1.9
   Compiling rustynet-crypto v0.1.0 (/home/fedora/Rustynet/crates/rustynet-crypto)
   Compiling rusqlite v0.32.1
   Compiling hkdf v0.12.4
   Compiling serde_derive v1.0.228
   Compiling memchr v2.8.0
   Compiling rustynet-backend-api v0.1.0 (/home/fedora/Rustynet/crates/rustynet-backend-api)
   Compiling rustynet-policy v0.1.0 (/home/fedora/Rustynet/crates/rustynet-policy)
   Compiling itoa v1.0.17
   Compiling rustynet-control v0.1.0 (/home/fedora/Rustynet/crates/rustynet-control)
   Compiling rustynet-backend-wireguard v0.1.0 (/home/fedora/Rustynet/crates/rustynet-backend-wireguard)
   Compiling rustynetd v0.1.0 (/home/fedora/Rustynet/crates/rustynetd)
   Compiling rustynet-cli v0.1.0 (/home/fedora/Rustynet/crates/rustynet-cli)
    Finished `release` profile [optimized] target(s) in 56.62s
Failed to disable unit: Unit rustynetd.service does not exist
Failed to disable unit: Unit rustynetd-privileged-helper.service does not exist
Failed to disable unit: Unit rustynetd-trust-refresh.service does not exist
Failed to disable unit: Unit rustynetd-trust-refresh.timer does not exist
Cannot find device "rustynet0"
e2e bootstrap host complete: role=client node_id=client-51 src_dir=/home/fedora/Rustynet
[five-node-matrix] Host ubuntu@192.168.18.52: bootstrap client-52 (client)
spawn scp -o StrictHostKeyChecking=accept-new -o ConnectTimeout=15 /tmp/rustynet-five-node.2Klphy/rn_bootstrap.sh ubuntu@192.168.18.52:/tmp/rn_bootstrap.sh
rn_bootstrap.sh                                 0%    0     0.0KB/s   --:-- ETA
rn_bootstrap.sh                               100% 2800   797.0KB/s   00:00    
spawn scp -o StrictHostKeyChecking=accept-new -o ConnectTimeout=15 /tmp/rustynet-five-node.2Klphy/bootstrap-52.env ubuntu@192.168.18.52:/tmp/rn_bootstrap.env
bootstrap-52.env                                0%    0     0.0KB/s   --:-- ETA
bootstrap-52.env                              100%  134    35.4KB/s   00:00    
spawn scp -o StrictHostKeyChecking=accept-new -o ConnectTimeout=15 /tmp/rustynet-five-node.2Klphy/rn_source.tar.gz ubuntu@192.168.18.52:/tmp/rn_source.tar.gz
rn_source.tar.gz                                0%    0     0.0KB/s   --:-- ETA
rn_source.tar.gz                              100% 1296KB  17.7MB/s   00:00    
spawn scp -o StrictHostKeyChecking=accept-new -o ConnectTimeout=15 /tmp/rustynet-five-node.2Klphy/rn_sudo.pass ubuntu@192.168.18.52:/tmp/rn_sudo.pass
rn_sudo.pass                                    0%    0     0.0KB/s   --:-- ETA
rn_sudo.pass                                  100%    6     1.7KB/s   00:00    
spawn ssh -o StrictHostKeyChecking=accept-new -o ConnectTimeout=15 ubuntu@192.168.18.52 chmod 700 /tmp/rn_bootstrap.sh && bash /tmp/rn_bootstrap.sh /tmp/rn_bootstrap.env
Hit:1 http://ie.archive.ubuntu.com/ubuntu noble InRelease
Hit:2 http://security.ubuntu.com/ubuntu noble-security InRelease
Hit:3 http://ie.archive.ubuntu.com/ubuntu noble-updates InRelease
Hit:4 http://ie.archive.ubuntu.com/ubuntu noble-backports InRelease
Reading package lists...
Reading package lists...
Building dependency tree...
Reading state information...
ca-certificates is already the newest version (20240203).
curl is already the newest version (8.5.0-2ubuntu10.7).
git is already the newest version (1:2.43.0-1ubuntu7.3).
build-essential is already the newest version (12.10ubuntu1).
pkg-config is already the newest version (1.8.1-2build1).
libssl-dev is already the newest version (3.0.13-0ubuntu3.7).
libsqlite3-dev is already the newest version (3.45.1-1ubuntu2.5).
clang is already the newest version (1:18.0-59~exp2).
llvm is already the newest version (1:18.0-59~exp2).
nftables is already the newest version (1.0.9-1build1).
wireguard-tools is already the newest version (1.0.20210914-1ubuntu4).
openssl is already the newest version (3.0.13-0ubuntu3.7).
rustup is already the newest version (1.26.0-5build1).
The following packages were automatically installed and are no longer required:
  libgit2-1.7 libhttp-parser2.9 libllvm17t64 libssh2-1t64 libstd-rust-1.75
  libstd-rust-dev
Use 'sudo apt autoremove' to remove them.
0 upgraded, 0 newly installed, 0 to remove and 18 not upgraded.
tar: Ignoring unknown extended header keyword 'LIBARCHIVE.xattr.com.apple.macl'
info: profile set to 'minimal'
info: using existing install for '1.88.0-x86_64-unknown-linux-gnu'
info: default toolchain set to '1.88.0-x86_64-unknown-linux-gnu'
  1.88.0-x86_64-unknown-linux-gnu unchanged - rustc 1.88.0 (6b00bc388 2025-06-23)
info: note that the toolchain '1.88.0-x86_64-unknown-linux-gnu' is currently in use (overridden by '/home/ubuntu/Rustynet/rust-toolchain.toml')
cargo 1.88.0 (873a06493 2025-05-10)
rustc 1.88.0 (6b00bc388 2025-06-23)
   Compiling version_check v0.9.5
   Compiling cfg-if v1.0.4
   Compiling libc v0.2.182
   Compiling typenum v1.19.0
   Compiling subtle v2.6.1
   Compiling generic-array v0.14.7
   Compiling proc-macro2 v1.0.106
   Compiling zerocopy v0.8.40
   Compiling unicode-ident v1.0.24
   Compiling quote v1.0.44
   Compiling block-buffer v0.10.4
   Compiling cpufeatures v0.2.17
   Compiling getrandom v0.2.17
   Compiling rand_core v0.6.4
   Compiling syn v2.0.117
   Compiling crypto-common v0.1.7
   Compiling digest v0.10.7
   Compiling zeroize v1.8.2
   Compiling semver v1.0.27
   Compiling ahash v0.8.12
   Compiling rustc_version v0.4.1
   Compiling shlex v1.3.0
   Compiling find-msvc-tools v0.1.9
   Compiling cc v1.2.56
   Compiling curve25519-dalek v4.1.3
   Compiling inout v0.1.4
   Compiling pkg-config v0.3.32
   Compiling vcpkg v0.2.15
   Compiling once_cell v1.21.3
   Compiling autocfg v1.5.0
   Compiling libsqlite3-sys v0.30.1
   Compiling ppv-lite86 v0.2.21
   Compiling memoffset v0.9.1
   Compiling cipher v0.4.4
   Compiling universal-hash v0.5.1
   Compiling serde_core v1.0.228
   Compiling opaque-debug v0.3.1
   Compiling curve25519-dalek-derive v0.1.1
   Compiling base64ct v1.8.3
   Compiling signature v2.2.0
   Compiling cfg_aliases v0.2.1
   Compiling password-hash v0.5.0
   Compiling nix v0.29.0
   Compiling ed25519 v2.2.3
   Compiling poly1305 v0.8.0
   Compiling chacha20 v0.9.1
   Compiling rand_chacha v0.3.1
   Compiling hashbrown v0.14.5
   Compiling sha2 v0.10.9
   Compiling blake2 v0.10.6
   Compiling aead v0.5.2
   Compiling zmij v1.0.21
   Compiling bitflags v2.11.0
   Compiling chacha20poly1305 v0.10.1
   Compiling ed25519-dalek v2.2.0
   Compiling argon2 v0.5.3
   Compiling hashlink v0.9.1
   Compiling rand v0.8.5
   Compiling hmac v0.12.1
   Compiling fallible-iterator v0.3.0
   Compiling serde_json v1.0.149
   Compiling serde v1.0.228
   Compiling fallible-streaming-iterator v0.1.9
   Compiling smallvec v1.15.1
   Compiling hkdf v0.12.4
   Compiling rustynet-crypto v0.1.0 (/home/ubuntu/Rustynet/crates/rustynet-crypto)
   Compiling serde_derive v1.0.228
   Compiling itoa v1.0.17
   Compiling memchr v2.8.0
   Compiling rustynet-backend-api v0.1.0 (/home/ubuntu/Rustynet/crates/rustynet-backend-api)
   Compiling rustynet-policy v0.1.0 (/home/ubuntu/Rustynet/crates/rustynet-policy)
   Compiling rustynet-backend-wireguard v0.1.0 (/home/ubuntu/Rustynet/crates/rustynet-backend-wireguard)
   Compiling rusqlite v0.32.1
   Compiling rustynet-control v0.1.0 (/home/ubuntu/Rustynet/crates/rustynet-control)
   Compiling rustynetd v0.1.0 (/home/ubuntu/Rustynet/crates/rustynetd)
   Compiling rustynet-cli v0.1.0 (/home/ubuntu/Rustynet/crates/rustynet-cli)
    Finished `release` profile [optimized] target(s) in 47.89s
Failed to disable unit: Unit file rustynetd.service does not exist.
Failed to disable unit: Unit file rustynetd-privileged-helper.service does not exist.
Failed to disable unit: Unit file rustynetd-trust-refresh.service does not exist.
Failed to disable unit: Unit file rustynetd-trust-refresh.timer does not exist.
Cannot find device "rustynet0"
e2e bootstrap host complete: role=client node_id=client-52 src_dir=/home/ubuntu/Rustynet
[five-node-matrix] Host mint@192.168.18.53: bootstrap client-53 (client)
spawn scp -o StrictHostKeyChecking=accept-new -o ConnectTimeout=15 /tmp/rustynet-five-node.2Klphy/rn_bootstrap.sh mint@192.168.18.53:/tmp/rn_bootstrap.sh
rn_bootstrap.sh                                 0%    0     0.0KB/s   --:-- ETA
rn_bootstrap.sh                               100% 2800   613.6KB/s   00:00    
spawn scp -o StrictHostKeyChecking=accept-new -o ConnectTimeout=15 /tmp/rustynet-five-node.2Klphy/bootstrap-53.env mint@192.168.18.53:/tmp/rn_bootstrap.env
bootstrap-53.env                                0%    0     0.0KB/s   --:-- ETA
bootstrap-53.env                              100%  134    42.3KB/s   00:00    
spawn scp -o StrictHostKeyChecking=accept-new -o ConnectTimeout=15 /tmp/rustynet-five-node.2Klphy/rn_source.tar.gz mint@192.168.18.53:/tmp/rn_source.tar.gz
rn_source.tar.gz                                0%    0     0.0KB/s   --:-- ETA
rn_source.tar.gz                              100% 1296KB  16.2MB/s   00:00    
spawn scp -o StrictHostKeyChecking=accept-new -o ConnectTimeout=15 /tmp/rustynet-five-node.2Klphy/rn_sudo.pass mint@192.168.18.53:/tmp/rn_sudo.pass
rn_sudo.pass                                    0%    0     0.0KB/s   --:-- ETA
rn_sudo.pass                                  100%    6     1.6KB/s   00:00    
spawn ssh -o StrictHostKeyChecking=accept-new -o ConnectTimeout=15 mint@192.168.18.53 chmod 700 /tmp/rn_bootstrap.sh && bash /tmp/rn_bootstrap.sh /tmp/rn_bootstrap.env
Hit:1 http://security.ubuntu.com/ubuntu noble-security InRelease
Hit:2 http://archive.ubuntu.com/ubuntu noble InRelease
Hit:3 http://archive.ubuntu.com/ubuntu noble-updates InRelease
Ign:4 http://packages.linuxmint.com zena InRelease
Hit:5 http://archive.ubuntu.com/ubuntu noble-backports InRelease
Hit:6 http://packages.linuxmint.com zena Release
Reading package lists...
Reading package lists...
Building dependency tree...
Reading state information...
ca-certificates is already the newest version (20240203).
curl is already the newest version (8.5.0-2ubuntu10.7).
git is already the newest version (1:2.43.0-1ubuntu7.3).
build-essential is already the newest version (12.10ubuntu1).
pkg-config is already the newest version (1.8.1-2build1).
libssl-dev is already the newest version (3.0.13-0ubuntu3.7).
libsqlite3-dev is already the newest version (3.45.1-1ubuntu2.5).
clang is already the newest version (1:18.0-59~exp2).
llvm is already the newest version (1:18.0-59~exp2).
nftables is already the newest version (1.0.9-1build1).
wireguard-tools is already the newest version (1.0.20210914-1ubuntu4).
openssl is already the newest version (3.0.13-0ubuntu3.7).
rustup is already the newest version (1.26.0-5build1).
0 upgraded, 0 newly installed, 0 to remove and 155 not upgraded.
tar: Ignoring unknown extended header keyword 'LIBARCHIVE.xattr.com.apple.macl'
info: profile set to 'minimal'
info: using existing install for '1.88.0-x86_64-unknown-linux-gnu'
info: default toolchain set to '1.88.0-x86_64-unknown-linux-gnu'
  1.88.0-x86_64-unknown-linux-gnu unchanged - rustc 1.88.0 (6b00bc388 2025-06-23)
info: note that the toolchain '1.88.0-x86_64-unknown-linux-gnu' is currently in use (overridden by '/home/mint/Rustynet/rust-toolchain.toml')
cargo 1.88.0 (873a06493 2025-05-10)
rustc 1.88.0 (6b00bc388 2025-06-23)
   Compiling version_check v0.9.5
   Compiling cfg-if v1.0.4
   Compiling libc v0.2.182
   Compiling typenum v1.19.0
   Compiling subtle v2.6.1
   Compiling proc-macro2 v1.0.106
   Compiling generic-array v0.14.7
   Compiling zerocopy v0.8.40
   Compiling quote v1.0.44
   Compiling unicode-ident v1.0.24
   Compiling block-buffer v0.10.4
   Compiling cpufeatures v0.2.17
   Compiling semver v1.0.27
   Compiling getrandom v0.2.17
   Compiling rand_core v0.6.4
   Compiling crypto-common v0.1.7
   Compiling syn v2.0.117
   Compiling zeroize v1.8.2
   Compiling digest v0.10.7
   Compiling rustc_version v0.4.1
   Compiling ahash v0.8.12
   Compiling shlex v1.3.0
   Compiling find-msvc-tools v0.1.9
   Compiling curve25519-dalek v4.1.3
   Compiling cc v1.2.56
   Compiling inout v0.1.4
   Compiling autocfg v1.5.0
   Compiling vcpkg v0.2.15
   Compiling once_cell v1.21.3
   Compiling pkg-config v0.3.32
   Compiling ppv-lite86 v0.2.21
   Compiling libsqlite3-sys v0.30.1
   Compiling memoffset v0.9.1
   Compiling cipher v0.4.4
   Compiling universal-hash v0.5.1
   Compiling opaque-debug v0.3.1
   Compiling signature v2.2.0
   Compiling serde_core v1.0.228
   Compiling cfg_aliases v0.2.1
   Compiling base64ct v1.8.3
   Compiling nix v0.29.0
   Compiling curve25519-dalek-derive v0.1.1
   Compiling password-hash v0.5.0
   Compiling ed25519 v2.2.3
   Compiling chacha20 v0.9.1
   Compiling poly1305 v0.8.0
   Compiling rand_chacha v0.3.1
   Compiling hashbrown v0.14.5
   Compiling sha2 v0.10.9
   Compiling blake2 v0.10.6
   Compiling aead v0.5.2
   Compiling zmij v1.0.21
   Compiling bitflags v2.11.0
   Compiling chacha20poly1305 v0.10.1
   Compiling argon2 v0.5.3
   Compiling ed25519-dalek v2.2.0
   Compiling hashlink v0.9.1
   Compiling rand v0.8.5
   Compiling hmac v0.12.1
   Compiling smallvec v1.15.1
   Compiling fallible-streaming-iterator v0.1.9
   Compiling fallible-iterator v0.3.0
   Compiling serde v1.0.228
   Compiling serde_json v1.0.149
   Compiling rustynet-crypto v0.1.0 (/home/mint/Rustynet/crates/rustynet-crypto)
   Compiling hkdf v0.12.4
   Compiling serde_derive v1.0.228
   Compiling rustynet-backend-api v0.1.0 (/home/mint/Rustynet/crates/rustynet-backend-api)
   Compiling rustynet-policy v0.1.0 (/home/mint/Rustynet/crates/rustynet-policy)
   Compiling itoa v1.0.17
   Compiling memchr v2.8.0
   Compiling rustynet-backend-wireguard v0.1.0 (/home/mint/Rustynet/crates/rustynet-backend-wireguard)
   Compiling rusqlite v0.32.1
   Compiling rustynet-control v0.1.0 (/home/mint/Rustynet/crates/rustynet-control)
   Compiling rustynetd v0.1.0 (/home/mint/Rustynet/crates/rustynetd)
   Compiling rustynet-cli v0.1.0 (/home/mint/Rustynet/crates/rustynet-cli)
    Finished `release` profile [optimized] target(s) in 56.86s
Failed to disable unit: Unit file rustynetd.service does not exist.
Failed to disable unit: Unit file rustynetd-privileged-helper.service does not exist.
Failed to disable unit: Unit file rustynetd-trust-refresh.service does not exist.
Failed to disable unit: Unit file rustynetd-trust-refresh.timer does not exist.
Cannot find device "rustynet0"
e2e bootstrap host complete: role=client node_id=client-53 src_dir=/home/mint/Rustynet
[five-node-matrix] Collecting WireGuard public keys
spawn scp -o StrictHostKeyChecking=accept-new -o ConnectTimeout=15 /tmp/rustynet-five-node.2Klphy/rn_sudo.pass debian@192.168.18.49:/tmp/rn_sudo.pass
rn_sudo.pass                                    0%    0     0.0KB/s   --:-- ETA
rn_sudo.pass                                  100%    6     0.8KB/s   00:00    
spawn ssh -o StrictHostKeyChecking=accept-new -o ConnectTimeout=15 debian@192.168.18.49 root(){ sudo -S -p "" "$@" < /tmp/rn_sudo.pass; }; root cp /var/lib/rustynet/keys/wireguard.pub /tmp/rn-wireguard.pub && root chown $(id -un):$(id -gn) /tmp/rn-wireguard.pub
spawn scp -o StrictHostKeyChecking=accept-new -o ConnectTimeout=15 debian@192.168.18.49:/tmp/rn-wireguard.pub /tmp/rustynet-five-node.2Klphy/exit-49.pub
rn-wireguard.pub                                0%    0     0.0KB/s   --:-- ETA
rn-wireguard.pub                              100%   45     5.9KB/s   00:00    
spawn scp -o StrictHostKeyChecking=accept-new -o ConnectTimeout=15 /tmp/rustynet-five-node.2Klphy/rn_sudo.pass debian@192.168.18.50:/tmp/rn_sudo.pass
rn_sudo.pass                                    0%    0     0.0KB/s   --:-- ETA
rn_sudo.pass                                  100%    6     1.7KB/s   00:00    
spawn ssh -o StrictHostKeyChecking=accept-new -o ConnectTimeout=15 debian@192.168.18.50 root(){ sudo -S -p "" "$@" < /tmp/rn_sudo.pass; }; root cp /var/lib/rustynet/keys/wireguard.pub /tmp/rn-wireguard.pub && root chown $(id -un):$(id -gn) /tmp/rn-wireguard.pub
spawn scp -o StrictHostKeyChecking=accept-new -o ConnectTimeout=15 debian@192.168.18.50:/tmp/rn-wireguard.pub /tmp/rustynet-five-node.2Klphy/client-50.pub
rn-wireguard.pub                                0%    0     0.0KB/s   --:-- ETA
rn-wireguard.pub                              100%   45     7.0KB/s   00:00    
spawn scp -o StrictHostKeyChecking=accept-new -o ConnectTimeout=15 /tmp/rustynet-five-node.2Klphy/rn_sudo.pass fedora@192.168.18.51:/tmp/rn_sudo.pass
rn_sudo.pass                                    0%    0     0.0KB/s   --:-- ETA
rn_sudo.pass                                  100%    6     1.3KB/s   00:00    
spawn ssh -o StrictHostKeyChecking=accept-new -o ConnectTimeout=15 fedora@192.168.18.51 root(){ sudo -S -p "" "$@" < /tmp/rn_sudo.pass; }; root cp /var/lib/rustynet/keys/wireguard.pub /tmp/rn-wireguard.pub && root chown $(id -un):$(id -gn) /tmp/rn-wireguard.pub
spawn scp -o StrictHostKeyChecking=accept-new -o ConnectTimeout=15 fedora@192.168.18.51:/tmp/rn-wireguard.pub /tmp/rustynet-five-node.2Klphy/client-51.pub
rn-wireguard.pub                                0%    0     0.0KB/s   --:-- ETA
rn-wireguard.pub                              100%   45     5.4KB/s   00:00    
spawn scp -o StrictHostKeyChecking=accept-new -o ConnectTimeout=15 /tmp/rustynet-five-node.2Klphy/rn_sudo.pass ubuntu@192.168.18.52:/tmp/rn_sudo.pass
rn_sudo.pass                                    0%    0     0.0KB/s   --:-- ETA
rn_sudo.pass                                  100%    6     1.6KB/s   00:00    
spawn ssh -o StrictHostKeyChecking=accept-new -o ConnectTimeout=15 ubuntu@192.168.18.52 root(){ sudo -S -p "" "$@" < /tmp/rn_sudo.pass; }; root cp /var/lib/rustynet/keys/wireguard.pub /tmp/rn-wireguard.pub && root chown $(id -un):$(id -gn) /tmp/rn-wireguard.pub
spawn scp -o StrictHostKeyChecking=accept-new -o ConnectTimeout=15 ubuntu@192.168.18.52:/tmp/rn-wireguard.pub /tmp/rustynet-five-node.2Klphy/client-52.pub
rn-wireguard.pub                                0%    0     0.0KB/s   --:-- ETA
rn-wireguard.pub                              100%   45     6.8KB/s   00:00    
spawn scp -o StrictHostKeyChecking=accept-new -o ConnectTimeout=15 /tmp/rustynet-five-node.2Klphy/rn_sudo.pass mint@192.168.18.53:/tmp/rn_sudo.pass
rn_sudo.pass                                    0%    0     0.0KB/s   --:-- ETA
rn_sudo.pass                                  100%    6     1.6KB/s   00:00    
spawn ssh -o StrictHostKeyChecking=accept-new -o ConnectTimeout=15 mint@192.168.18.53 root(){ sudo -S -p "" "$@" < /tmp/rn_sudo.pass; }; root cp /var/lib/rustynet/keys/wireguard.pub /tmp/rn-wireguard.pub && root chown $(id -un):$(id -gn) /tmp/rn-wireguard.pub
spawn scp -o StrictHostKeyChecking=accept-new -o ConnectTimeout=15 mint@192.168.18.53:/tmp/rn-wireguard.pub /tmp/rustynet-five-node.2Klphy/client-53.pub
rn-wireguard.pub                                0%    0     0.0KB/s   --:-- ETA
rn-wireguard.pub                              100%   45     5.9KB/s   00:00    
[five-node-matrix] Applying signed membership updates on exit-49
spawn scp -o StrictHostKeyChecking=accept-new -o ConnectTimeout=15 /tmp/rustynet-five-node.2Klphy/rn_sudo.pass debian@192.168.18.49:/tmp/rn_sudo.pass
rn_sudo.pass                                    0%    0     0.0KB/s   --:-- ETA
rn_sudo.pass                                  100%    6     1.7KB/s   00:00    
spawn ssh -o StrictHostKeyChecking=accept-new -o ConnectTimeout=15 debian@192.168.18.49 root(){ sudo -S -p "" "$@" < /tmp/rn_sudo.pass; }; root chown root:root /var/lib/rustynet/membership.snapshot /var/lib/rustynet/membership.log /var/lib/rustynet/membership.watermark >/dev/null 2>&1 || true; root chmod 0600 /var/lib/rustynet/membership.snapshot /var/lib/rustynet/membership.log /var/lib/rustynet/membership.watermark >/dev/null 2>&1 || true
spawn scp -o StrictHostKeyChecking=accept-new -o ConnectTimeout=15 /tmp/rustynet-five-node.2Klphy/rn_membership_add.sh debian@192.168.18.49:/tmp/rn_membership_add.sh
rn_membership_add.sh                            0%    0     0.0KB/s   --:-- ETA
rn_membership_add.sh                          100%  341    82.3KB/s   00:00    
spawn scp -o StrictHostKeyChecking=accept-new -o ConnectTimeout=15 /tmp/rustynet-five-node.2Klphy/membership-50.env debian@192.168.18.49:/tmp/rn_membership_add.env
membership-50.env                               0%    0     0.0KB/s   --:-- ETA
membership-50.env                             100%  140    39.3KB/s   00:00    
spawn scp -o StrictHostKeyChecking=accept-new -o ConnectTimeout=15 /tmp/rustynet-five-node.2Klphy/rn_sudo.pass debian@192.168.18.49:/tmp/rn_sudo.pass
rn_sudo.pass                                    0%    0     0.0KB/s   --:-- ETA
rn_sudo.pass                                  100%    6     1.6KB/s   00:00    
spawn ssh -o StrictHostKeyChecking=accept-new -o ConnectTimeout=15 debian@192.168.18.49 chmod 700 /tmp/rn_membership_add.sh && bash /tmp/rn_membership_add.sh /tmp/rn_membership_add.env
e2e membership add complete: client_node_id=client-50
spawn scp -o StrictHostKeyChecking=accept-new -o ConnectTimeout=15 /tmp/rustynet-five-node.2Klphy/membership-51.env debian@192.168.18.49:/tmp/rn_membership_add.env
membership-51.env                               0%    0     0.0KB/s   --:-- ETA
membership-51.env                             100%  140    40.4KB/s   00:00    
spawn scp -o StrictHostKeyChecking=accept-new -o ConnectTimeout=15 /tmp/rustynet-five-node.2Klphy/rn_sudo.pass debian@192.168.18.49:/tmp/rn_sudo.pass
rn_sudo.pass                                    0%    0     0.0KB/s   --:-- ETA
rn_sudo.pass                                  100%    6     1.6KB/s   00:00    
spawn ssh -o StrictHostKeyChecking=accept-new -o ConnectTimeout=15 debian@192.168.18.49 chmod 700 /tmp/rn_membership_add.sh && bash /tmp/rn_membership_add.sh /tmp/rn_membership_add.env
e2e membership add complete: client_node_id=client-51
spawn scp -o StrictHostKeyChecking=accept-new -o ConnectTimeout=15 /tmp/rustynet-five-node.2Klphy/membership-52.env debian@192.168.18.49:/tmp/rn_membership_add.env
membership-52.env                               0%    0     0.0KB/s   --:-- ETA
membership-52.env                             100%  140    29.6KB/s   00:00    
spawn scp -o StrictHostKeyChecking=accept-new -o ConnectTimeout=15 /tmp/rustynet-five-node.2Klphy/rn_sudo.pass debian@192.168.18.49:/tmp/rn_sudo.pass
rn_sudo.pass                                    0%    0     0.0KB/s   --:-- ETA
rn_sudo.pass                                  100%    6     1.7KB/s   00:00    
spawn ssh -o StrictHostKeyChecking=accept-new -o ConnectTimeout=15 debian@192.168.18.49 chmod 700 /tmp/rn_membership_add.sh && bash /tmp/rn_membership_add.sh /tmp/rn_membership_add.env
e2e membership add complete: client_node_id=client-52
spawn scp -o StrictHostKeyChecking=accept-new -o ConnectTimeout=15 /tmp/rustynet-five-node.2Klphy/membership-53.env debian@192.168.18.49:/tmp/rn_membership_add.env
membership-53.env                               0%    0     0.0KB/s   --:-- ETA
membership-53.env                             100%  140    37.8KB/s   00:00    
spawn scp -o StrictHostKeyChecking=accept-new -o ConnectTimeout=15 /tmp/rustynet-five-node.2Klphy/rn_sudo.pass debian@192.168.18.49:/tmp/rn_sudo.pass
rn_sudo.pass                                    0%    0     0.0KB/s   --:-- ETA
rn_sudo.pass                                  100%    6     1.5KB/s   00:00    
spawn ssh -o StrictHostKeyChecking=accept-new -o ConnectTimeout=15 debian@192.168.18.49 chmod 700 /tmp/rn_membership_add.sh && bash /tmp/rn_membership_add.sh /tmp/rn_membership_add.env
e2e membership add complete: client_node_id=client-53
[five-node-matrix] Exporting and distributing membership state
spawn scp -o StrictHostKeyChecking=accept-new -o ConnectTimeout=15 /tmp/rustynet-five-node.2Klphy/rn_sudo.pass debian@192.168.18.49:/tmp/rn_sudo.pass
rn_sudo.pass                                    0%    0     0.0KB/s   --:-- ETA
rn_sudo.pass                                  100%    6     1.7KB/s   00:00    
spawn ssh -o StrictHostKeyChecking=accept-new -o ConnectTimeout=15 debian@192.168.18.49 root(){ sudo -S -p "" "$@" < /tmp/rn_sudo.pass; }; root cp /var/lib/rustynet/membership.snapshot /tmp/rn-membership.snapshot && root cp /var/lib/rustynet/membership.log /tmp/rn-membership.log && root chown $(id -un):$(id -gn) /tmp/rn-membership.snapshot /tmp/rn-membership.log
spawn scp -o StrictHostKeyChecking=accept-new -o ConnectTimeout=15 debian@192.168.18.49:/tmp/rn-membership.snapshot /tmp/rustynet-five-node.2Klphy/membership.snapshot
rn-membership.snapshot                          0%    0     0.0KB/s   --:-- ETA
rn-membership.snapshot                        100% 3223   454.1KB/s   00:00    
spawn scp -o StrictHostKeyChecking=accept-new -o ConnectTimeout=15 debian@192.168.18.49:/tmp/rn-membership.log /tmp/rustynet-five-node.2Klphy/membership.log
rn-membership.log                               0%    0     0.0KB/s   --:-- ETA
rn-membership.log                             100%   12KB   1.2MB/s   00:00    
spawn scp -o StrictHostKeyChecking=accept-new -o ConnectTimeout=15 /tmp/rustynet-five-node.2Klphy/membership.snapshot debian@192.168.18.50:/tmp/rn-membership.snapshot
membership.snapshot                             0%    0     0.0KB/s   --:-- ETA
membership.snapshot                           100% 3223   969.3KB/s   00:00    
spawn scp -o StrictHostKeyChecking=accept-new -o ConnectTimeout=15 /tmp/rustynet-five-node.2Klphy/membership.log debian@192.168.18.50:/tmp/rn-membership.log
membership.log                                  0%    0     0.0KB/s   --:-- ETA
membership.log                                100%   12KB   3.1MB/s   00:00    
spawn scp -o StrictHostKeyChecking=accept-new -o ConnectTimeout=15 /tmp/rustynet-five-node.2Klphy/rn_sudo.pass debian@192.168.18.50:/tmp/rn_sudo.pass
rn_sudo.pass                                    0%    0     0.0KB/s   --:-- ETA
rn_sudo.pass                                  100%    6     1.8KB/s   00:00    
spawn ssh -o StrictHostKeyChecking=accept-new -o ConnectTimeout=15 debian@192.168.18.50 root(){ sudo -S -p "" "$@" < /tmp/rn_sudo.pass; }; root install -m 0600 -o root -g root /tmp/rn-membership.snapshot /var/lib/rustynet/membership.snapshot && root install -m 0600 -o root -g root /tmp/rn-membership.log /var/lib/rustynet/membership.log && root rm -f /var/lib/rustynet/membership.watermark
spawn scp -o StrictHostKeyChecking=accept-new -o ConnectTimeout=15 /tmp/rustynet-five-node.2Klphy/membership.snapshot fedora@192.168.18.51:/tmp/rn-membership.snapshot
membership.snapshot                             0%    0     0.0KB/s   --:-- ETA
membership.snapshot                           100% 3223   640.0KB/s   00:00    
spawn scp -o StrictHostKeyChecking=accept-new -o ConnectTimeout=15 /tmp/rustynet-five-node.2Klphy/membership.log fedora@192.168.18.51:/tmp/rn-membership.log
membership.log                                  0%    0     0.0KB/s   --:-- ETA
membership.log                                100%   12KB   2.4MB/s   00:00    
spawn scp -o StrictHostKeyChecking=accept-new -o ConnectTimeout=15 /tmp/rustynet-five-node.2Klphy/rn_sudo.pass fedora@192.168.18.51:/tmp/rn_sudo.pass
rn_sudo.pass                                    0%    0     0.0KB/s   --:-- ETA
rn_sudo.pass                                  100%    6     1.7KB/s   00:00    
spawn ssh -o StrictHostKeyChecking=accept-new -o ConnectTimeout=15 fedora@192.168.18.51 root(){ sudo -S -p "" "$@" < /tmp/rn_sudo.pass; }; root install -m 0600 -o root -g root /tmp/rn-membership.snapshot /var/lib/rustynet/membership.snapshot && root install -m 0600 -o root -g root /tmp/rn-membership.log /var/lib/rustynet/membership.log && root rm -f /var/lib/rustynet/membership.watermark
spawn scp -o StrictHostKeyChecking=accept-new -o ConnectTimeout=15 /tmp/rustynet-five-node.2Klphy/membership.snapshot ubuntu@192.168.18.52:/tmp/rn-membership.snapshot
membership.snapshot                             0%    0     0.0KB/s   --:-- ETA
membership.snapshot                           100% 3223   887.1KB/s   00:00    
spawn scp -o StrictHostKeyChecking=accept-new -o ConnectTimeout=15 /tmp/rustynet-five-node.2Klphy/membership.log ubuntu@192.168.18.52:/tmp/rn-membership.log
membership.log                                  0%    0     0.0KB/s   --:-- ETA
membership.log                                100%   12KB   3.2MB/s   00:00    
spawn scp -o StrictHostKeyChecking=accept-new -o ConnectTimeout=15 /tmp/rustynet-five-node.2Klphy/rn_sudo.pass ubuntu@192.168.18.52:/tmp/rn_sudo.pass
rn_sudo.pass                                    0%    0     0.0KB/s   --:-- ETA
rn_sudo.pass                                  100%    6     1.5KB/s   00:00    
spawn ssh -o StrictHostKeyChecking=accept-new -o ConnectTimeout=15 ubuntu@192.168.18.52 root(){ sudo -S -p "" "$@" < /tmp/rn_sudo.pass; }; root install -m 0600 -o root -g root /tmp/rn-membership.snapshot /var/lib/rustynet/membership.snapshot && root install -m 0600 -o root -g root /tmp/rn-membership.log /var/lib/rustynet/membership.log && root rm -f /var/lib/rustynet/membership.watermark
spawn scp -o StrictHostKeyChecking=accept-new -o ConnectTimeout=15 /tmp/rustynet-five-node.2Klphy/membership.snapshot mint@192.168.18.53:/tmp/rn-membership.snapshot
membership.snapshot                             0%    0     0.0KB/s   --:-- ETA
membership.snapshot                           100% 3223   748.5KB/s   00:00    
spawn scp -o StrictHostKeyChecking=accept-new -o ConnectTimeout=15 /tmp/rustynet-five-node.2Klphy/membership.log mint@192.168.18.53:/tmp/rn-membership.log
membership.log                                  0%    0     0.0KB/s   --:-- ETA
membership.log                                100%   12KB   3.2MB/s   00:00    
spawn scp -o StrictHostKeyChecking=accept-new -o ConnectTimeout=15 /tmp/rustynet-five-node.2Klphy/rn_sudo.pass mint@192.168.18.53:/tmp/rn_sudo.pass
rn_sudo.pass                                    0%    0     0.0KB/s   --:-- ETA
rn_sudo.pass                                  100%    6     1.6KB/s   00:00    
spawn ssh -o StrictHostKeyChecking=accept-new -o ConnectTimeout=15 mint@192.168.18.53 root(){ sudo -S -p "" "$@" < /tmp/rn_sudo.pass; }; root install -m 0600 -o root -g root /tmp/rn-membership.snapshot /var/lib/rustynet/membership.snapshot && root install -m 0600 -o root -g root /tmp/rn-membership.log /var/lib/rustynet/membership.log && root rm -f /var/lib/rustynet/membership.watermark
[five-node-matrix] Issuing signed assignments on exit-49
spawn scp -o StrictHostKeyChecking=accept-new -o ConnectTimeout=15 /tmp/rustynet-five-node.2Klphy/rn_issue_assignments.sh debian@192.168.18.49:/tmp/rn_issue_assignments.sh
rn_issue_assignments.sh                         0%    0     0.0KB/s   --:-- ETA
rn_issue_assignments.sh                       100% 1596   463.9KB/s   00:00    
spawn scp -o StrictHostKeyChecking=accept-new -o ConnectTimeout=15 /tmp/rustynet-five-node.2Klphy/rn-assignment-input.env debian@192.168.18.49:/tmp/rn-assignment-input.env
rn-assignment-input.env                         0%    0     0.0KB/s   --:-- ETA
rn-assignment-input.env                       100%  910   260.1KB/s   00:00    
spawn scp -o StrictHostKeyChecking=accept-new -o ConnectTimeout=15 /tmp/rustynet-five-node.2Klphy/rn_sudo.pass debian@192.168.18.49:/tmp/rn_sudo.pass
rn_sudo.pass                                    0%    0     0.0KB/s   --:-- ETA
rn_sudo.pass                                  100%    6     1.6KB/s   00:00    
spawn ssh -o StrictHostKeyChecking=accept-new -o ConnectTimeout=15 debian@192.168.18.49 chmod 700 /tmp/rn_issue_assignments.sh && bash /tmp/rn_issue_assignments.sh /tmp/rn-assignment-input.env
signing passphrase materialized at /tmp/rn-assignment-passphrase.n2wK4t
assignment bundle issued: target=exit-49 output=/run/rustynet/assignment-issue/rn-assignment-exit-49.assignment generated_at_unix=1772927330 expires_at_unix=1772927630 verifier_key_output=/run/rustynet/assignment-issue/rn-assignment.pub
assignment bundle issued: target=client-50 output=/run/rustynet/assignment-issue/rn-assignment-client-50.assignment generated_at_unix=1772927330 expires_at_unix=1772927630 verifier_key_output=/run/rustynet/assignment-issue/rn-assignment.pub
assignment bundle issued: target=client-51 output=/run/rustynet/assignment-issue/rn-assignment-client-51.assignment generated_at_unix=1772927330 expires_at_unix=1772927630 verifier_key_output=/run/rustynet/assignment-issue/rn-assignment.pub
assignment bundle issued: target=client-52 output=/run/rustynet/assignment-issue/rn-assignment-client-52.assignment generated_at_unix=1772927330 expires_at_unix=1772927630 verifier_key_output=/run/rustynet/assignment-issue/rn-assignment.pub
assignment bundle issued: target=client-53 output=/run/rustynet/assignment-issue/rn-assignment-client-53.assignment generated_at_unix=1772927330 expires_at_unix=1772927630 verifier_key_output=/run/rustynet/assignment-issue/rn-assignment.pub
[five-node-matrix] Fetching issued assignment bundles
spawn scp -o StrictHostKeyChecking=accept-new -o ConnectTimeout=15 /tmp/rustynet-five-node.2Klphy/rn_sudo.pass debian@192.168.18.49:/tmp/rn_sudo.pass
rn_sudo.pass                                    0%    0     0.0KB/s   --:-- ETA
rn_sudo.pass                                  100%    6     1.6KB/s   00:00    
spawn ssh -o StrictHostKeyChecking=accept-new -o ConnectTimeout=15 debian@192.168.18.49 root(){ sudo -S -p "" "$@" < /tmp/rn_sudo.pass; }; root cp /run/rustynet/assignment-issue/rn-assignment.pub /tmp/rn-assignment.pub && root cp /run/rustynet/assignment-issue/rn-assignment-exit-49.assignment /tmp/rn-assignment-exit-49.assignment && root cp /run/rustynet/assignment-issue/rn-assignment-client-50.assignment /tmp/rn-assignment-client-50.assignment && root cp /run/rustynet/assignment-issue/rn-assignment-client-51.assignment /tmp/rn-assignment-client-51.assignment && root cp /run/rustynet/assignment-issue/rn-assignment-client-52.assignment /tmp/rn-assignment-client-52.assignment && root cp /run/rustynet/assignment-issue/rn-assignment-client-53.assignment /tmp/rn-assignment-client-53.assignment && root chown $(id -un):$(id -gn) /tmp/rn-assignment.pub /tmp/rn-assignment-exit-49.assignment /tmp/rn-assignment-client-50.assignment /tmp/rn-assignment-client-51.assignment /tmp/rn-assignment-client-52.assignment /tmp/rn-assignment-client-53.assignment
spawn scp -o StrictHostKeyChecking=accept-new -o ConnectTimeout=15 debian@192.168.18.49:/tmp/rn-assignment.pub /tmp/rustynet-five-node.2Klphy/assignment.pub
rn-assignment.pub                               0%    0     0.0KB/s   --:-- ETA
rn-assignment.pub                             100%   65    10.1KB/s   00:00    
spawn scp -o StrictHostKeyChecking=accept-new -o ConnectTimeout=15 debian@192.168.18.49:/tmp/rn-assignment-exit-49.assignment /tmp/rustynet-five-node.2Klphy/assignment-exit-49
rn-assignment-exit-49.assignment                0%    0     0.0KB/s   --:-- ETA
rn-assignment-exit-49.assignment              100% 1421   134.4KB/s   00:00    
spawn scp -o StrictHostKeyChecking=accept-new -o ConnectTimeout=15 debian@192.168.18.49:/tmp/rn-assignment-client-50.assignment /tmp/rustynet-five-node.2Klphy/assignment-client-50
rn-assignment-client-50.assignment              0%    0     0.0KB/s   --:-- ETA
rn-assignment-client-50.assignment            100%  695   104.5KB/s   00:00    
spawn scp -o StrictHostKeyChecking=accept-new -o ConnectTimeout=15 debian@192.168.18.49:/tmp/rn-assignment-client-51.assignment /tmp/rustynet-five-node.2Klphy/assignment-client-51
rn-assignment-client-51.assignment              0%    0     0.0KB/s   --:-- ETA
rn-assignment-client-51.assignment            100%  695    72.3KB/s   00:00    
spawn scp -o StrictHostKeyChecking=accept-new -o ConnectTimeout=15 debian@192.168.18.49:/tmp/rn-assignment-client-52.assignment /tmp/rustynet-five-node.2Klphy/assignment-client-52
rn-assignment-client-52.assignment              0%    0     0.0KB/s   --:-- ETA
rn-assignment-client-52.assignment            100%  695   104.1KB/s   00:00    
spawn scp -o StrictHostKeyChecking=accept-new -o ConnectTimeout=15 debian@192.168.18.49:/tmp/rn-assignment-client-53.assignment /tmp/rustynet-five-node.2Klphy/assignment-client-53
rn-assignment-client-53.assignment              0%    0     0.0KB/s   --:-- ETA
rn-assignment-client-53.assignment            100%  695   105.2KB/s   00:00    
[five-node-matrix] Distributing assignment bundles
spawn scp -o StrictHostKeyChecking=accept-new -o ConnectTimeout=15 /tmp/rustynet-five-node.2Klphy/assignment.pub debian@192.168.18.49:/tmp/rn-assignment.pub
assignment.pub                                  0%    0     0.0KB/s   --:-- ETA
assignment.pub                                100%   65    13.5KB/s   00:00    
spawn scp -o StrictHostKeyChecking=accept-new -o ConnectTimeout=15 /tmp/rustynet-five-node.2Klphy/assignment-exit-49 debian@192.168.18.49:/tmp/rn-assignment.bundle
assignment-exit-49                              0%    0     0.0KB/s   --:-- ETA
assignment-exit-49                            100% 1421   423.0KB/s   00:00    
spawn scp -o StrictHostKeyChecking=accept-new -o ConnectTimeout=15 /tmp/rustynet-five-node.2Klphy/rn_sudo.pass debian@192.168.18.49:/tmp/rn_sudo.pass
rn_sudo.pass                                    0%    0     0.0KB/s   --:-- ETA
rn_sudo.pass                                  100%    6     1.8KB/s   00:00    
spawn ssh -o StrictHostKeyChecking=accept-new -o ConnectTimeout=15 debian@192.168.18.49 root(){ sudo -S -p "" "$@" < /tmp/rn_sudo.pass; }; root install -m 0644 -o root -g root /tmp/rn-assignment.pub /etc/rustynet/assignment.pub && root install -m 0640 -o root -g rustynetd /tmp/rn-assignment.bundle /var/lib/rustynet/rustynetd.assignment && root rm -f /var/lib/rustynet/rustynetd.assignment.watermark /tmp/rn-assignment.pub /tmp/rn-assignment.bundle
spawn scp -o StrictHostKeyChecking=accept-new -o ConnectTimeout=15 /tmp/rustynet-five-node.2Klphy/assignment.pub debian@192.168.18.50:/tmp/rn-assignment.pub
assignment.pub                                  0%    0     0.0KB/s   --:-- ETA
assignment.pub                                100%   65    18.4KB/s   00:00    
spawn scp -o StrictHostKeyChecking=accept-new -o ConnectTimeout=15 /tmp/rustynet-five-node.2Klphy/assignment-client-50 debian@192.168.18.50:/tmp/rn-assignment.bundle
assignment-client-50                            0%    0     0.0KB/s   --:-- ETA
assignment-client-50                          100%  695   193.5KB/s   00:00    
spawn scp -o StrictHostKeyChecking=accept-new -o ConnectTimeout=15 /tmp/rustynet-five-node.2Klphy/rn_sudo.pass debian@192.168.18.50:/tmp/rn_sudo.pass
rn_sudo.pass                                    0%    0     0.0KB/s   --:-- ETA
rn_sudo.pass                                  100%    6     1.4KB/s   00:00    
spawn ssh -o StrictHostKeyChecking=accept-new -o ConnectTimeout=15 debian@192.168.18.50 root(){ sudo -S -p "" "$@" < /tmp/rn_sudo.pass; }; root install -m 0644 -o root -g root /tmp/rn-assignment.pub /etc/rustynet/assignment.pub && root install -m 0640 -o root -g rustynetd /tmp/rn-assignment.bundle /var/lib/rustynet/rustynetd.assignment && root rm -f /var/lib/rustynet/rustynetd.assignment.watermark /tmp/rn-assignment.pub /tmp/rn-assignment.bundle
spawn scp -o StrictHostKeyChecking=accept-new -o ConnectTimeout=15 /tmp/rustynet-five-node.2Klphy/assignment.pub fedora@192.168.18.51:/tmp/rn-assignment.pub
assignment.pub                                  0%    0     0.0KB/s   --:-- ETA
assignment.pub                                100%   65    16.8KB/s   00:00    
spawn scp -o StrictHostKeyChecking=accept-new -o ConnectTimeout=15 /tmp/rustynet-five-node.2Klphy/assignment-client-51 fedora@192.168.18.51:/tmp/rn-assignment.bundle
assignment-client-51                            0%    0     0.0KB/s   --:-- ETA
assignment-client-51                          100%  695   184.4KB/s   00:00    
spawn scp -o StrictHostKeyChecking=accept-new -o ConnectTimeout=15 /tmp/rustynet-five-node.2Klphy/rn_sudo.pass fedora@192.168.18.51:/tmp/rn_sudo.pass
rn_sudo.pass                                    0%    0     0.0KB/s   --:-- ETA
rn_sudo.pass                                  100%    6     1.4KB/s   00:00    
spawn ssh -o StrictHostKeyChecking=accept-new -o ConnectTimeout=15 fedora@192.168.18.51 root(){ sudo -S -p "" "$@" < /tmp/rn_sudo.pass; }; root install -m 0644 -o root -g root /tmp/rn-assignment.pub /etc/rustynet/assignment.pub && root install -m 0640 -o root -g rustynetd /tmp/rn-assignment.bundle /var/lib/rustynet/rustynetd.assignment && root rm -f /var/lib/rustynet/rustynetd.assignment.watermark /tmp/rn-assignment.pub /tmp/rn-assignment.bundle
spawn scp -o StrictHostKeyChecking=accept-new -o ConnectTimeout=15 /tmp/rustynet-five-node.2Klphy/assignment.pub ubuntu@192.168.18.52:/tmp/rn-assignment.pub
assignment.pub                                  0%    0     0.0KB/s   --:-- ETA
assignment.pub                                100%   65    18.0KB/s   00:00    
spawn scp -o StrictHostKeyChecking=accept-new -o ConnectTimeout=15 /tmp/rustynet-five-node.2Klphy/assignment-client-52 ubuntu@192.168.18.52:/tmp/rn-assignment.bundle
assignment-client-52                            0%    0     0.0KB/s   --:-- ETA
assignment-client-52                          100%  695   196.5KB/s   00:00    
spawn scp -o StrictHostKeyChecking=accept-new -o ConnectTimeout=15 /tmp/rustynet-five-node.2Klphy/rn_sudo.pass ubuntu@192.168.18.52:/tmp/rn_sudo.pass
rn_sudo.pass                                    0%    0     0.0KB/s   --:-- ETA
rn_sudo.pass                                  100%    6     1.7KB/s   00:00    
spawn ssh -o StrictHostKeyChecking=accept-new -o ConnectTimeout=15 ubuntu@192.168.18.52 root(){ sudo -S -p "" "$@" < /tmp/rn_sudo.pass; }; root install -m 0644 -o root -g root /tmp/rn-assignment.pub /etc/rustynet/assignment.pub && root install -m 0640 -o root -g rustynetd /tmp/rn-assignment.bundle /var/lib/rustynet/rustynetd.assignment && root rm -f /var/lib/rustynet/rustynetd.assignment.watermark /tmp/rn-assignment.pub /tmp/rn-assignment.bundle
spawn scp -o StrictHostKeyChecking=accept-new -o ConnectTimeout=15 /tmp/rustynet-five-node.2Klphy/assignment.pub mint@192.168.18.53:/tmp/rn-assignment.pub
assignment.pub                                  0%    0     0.0KB/s   --:-- ETA
assignment.pub                                100%   65    16.0KB/s   00:00    
spawn scp -o StrictHostKeyChecking=accept-new -o ConnectTimeout=15 /tmp/rustynet-five-node.2Klphy/assignment-client-53 mint@192.168.18.53:/tmp/rn-assignment.bundle
assignment-client-53                            0%    0     0.0KB/s   --:-- ETA
assignment-client-53                          100%  695   207.4KB/s   00:00    
spawn scp -o StrictHostKeyChecking=accept-new -o ConnectTimeout=15 /tmp/rustynet-five-node.2Klphy/rn_sudo.pass mint@192.168.18.53:/tmp/rn_sudo.pass
rn_sudo.pass                                    0%    0     0.0KB/s   --:-- ETA
rn_sudo.pass                                  100%    6     1.5KB/s   00:00    
spawn ssh -o StrictHostKeyChecking=accept-new -o ConnectTimeout=15 mint@192.168.18.53 root(){ sudo -S -p "" "$@" < /tmp/rn_sudo.pass; }; root install -m 0644 -o root -g root /tmp/rn-assignment.pub /etc/rustynet/assignment.pub && root install -m 0640 -o root -g rustynetd /tmp/rn-assignment.bundle /var/lib/rustynet/rustynetd.assignment && root rm -f /var/lib/rustynet/rustynetd.assignment.watermark /tmp/rn-assignment.pub /tmp/rn-assignment.bundle
[five-node-matrix] Writing assignment refresh env files
spawn scp -o StrictHostKeyChecking=accept-new -o ConnectTimeout=15 /tmp/rustynet-five-node.2Klphy/assignment-refresh-exit-49.env debian@192.168.18.49:/tmp/rn-assignment-refresh.env
assignment-refresh-exit-49.env                  0%    0     0.0KB/s   --:-- ETA
assignment-refresh-exit-49.env                100% 1005   216.0KB/s   00:00    
spawn scp -o StrictHostKeyChecking=accept-new -o ConnectTimeout=15 /tmp/rustynet-five-node.2Klphy/rn_sudo.pass debian@192.168.18.49:/tmp/rn_sudo.pass
rn_sudo.pass                                    0%    0     0.0KB/s   --:-- ETA
rn_sudo.pass                                  100%    6     1.7KB/s   00:00    
spawn ssh -o StrictHostKeyChecking=accept-new -o ConnectTimeout=15 debian@192.168.18.49 root(){ sudo -S -p "" "$@" < /tmp/rn_sudo.pass; }; root install -m 0600 -o root -g root /tmp/rn-assignment-refresh.env /etc/rustynet/assignment-refresh.env && rm -f /tmp/rn-assignment-refresh.env
spawn scp -o StrictHostKeyChecking=accept-new -o ConnectTimeout=15 /tmp/rustynet-five-node.2Klphy/assignment-refresh-client-50.env debian@192.168.18.50:/tmp/rn-assignment-refresh.env
assignment-refresh-client-50.env                0%    0     0.0KB/s   --:-- ETA
assignment-refresh-client-50.env              100% 1050   242.5KB/s   00:00    
spawn scp -o StrictHostKeyChecking=accept-new -o ConnectTimeout=15 /tmp/rustynet-five-node.2Klphy/rn_sudo.pass debian@192.168.18.50:/tmp/rn_sudo.pass
rn_sudo.pass                                    0%    0     0.0KB/s   --:-- ETA
rn_sudo.pass                                  100%    6     1.6KB/s   00:00    
spawn ssh -o StrictHostKeyChecking=accept-new -o ConnectTimeout=15 debian@192.168.18.50 root(){ sudo -S -p "" "$@" < /tmp/rn_sudo.pass; }; root install -m 0600 -o root -g root /tmp/rn-assignment-refresh.env /etc/rustynet/assignment-refresh.env && rm -f /tmp/rn-assignment-refresh.env
spawn scp -o StrictHostKeyChecking=accept-new -o ConnectTimeout=15 /tmp/rustynet-five-node.2Klphy/assignment-refresh-client-51.env fedora@192.168.18.51:/tmp/rn-assignment-refresh.env
assignment-refresh-client-51.env                0%    0     0.0KB/s   --:-- ETA
assignment-refresh-client-51.env              100% 1050   287.1KB/s   00:00    
spawn scp -o StrictHostKeyChecking=accept-new -o ConnectTimeout=15 /tmp/rustynet-five-node.2Klphy/rn_sudo.pass fedora@192.168.18.51:/tmp/rn_sudo.pass
rn_sudo.pass                                    0%    0     0.0KB/s   --:-- ETA
rn_sudo.pass                                  100%    6     1.5KB/s   00:00    
spawn ssh -o StrictHostKeyChecking=accept-new -o ConnectTimeout=15 fedora@192.168.18.51 root(){ sudo -S -p "" "$@" < /tmp/rn_sudo.pass; }; root install -m 0600 -o root -g root /tmp/rn-assignment-refresh.env /etc/rustynet/assignment-refresh.env && rm -f /tmp/rn-assignment-refresh.env
spawn scp -o StrictHostKeyChecking=accept-new -o ConnectTimeout=15 /tmp/rustynet-five-node.2Klphy/assignment-refresh-client-52.env ubuntu@192.168.18.52:/tmp/rn-assignment-refresh.env
assignment-refresh-client-52.env                0%    0     0.0KB/s   --:-- ETA
assignment-refresh-client-52.env              100% 1050   286.5KB/s   00:00    
spawn scp -o StrictHostKeyChecking=accept-new -o ConnectTimeout=15 /tmp/rustynet-five-node.2Klphy/rn_sudo.pass ubuntu@192.168.18.52:/tmp/rn_sudo.pass
rn_sudo.pass                                    0%    0     0.0KB/s   --:-- ETA
rn_sudo.pass                                  100%    6     1.8KB/s   00:00    
spawn ssh -o StrictHostKeyChecking=accept-new -o ConnectTimeout=15 ubuntu@192.168.18.52 root(){ sudo -S -p "" "$@" < /tmp/rn_sudo.pass; }; root install -m 0600 -o root -g root /tmp/rn-assignment-refresh.env /etc/rustynet/assignment-refresh.env && rm -f /tmp/rn-assignment-refresh.env
spawn scp -o StrictHostKeyChecking=accept-new -o ConnectTimeout=15 /tmp/rustynet-five-node.2Klphy/assignment-refresh-client-53.env mint@192.168.18.53:/tmp/rn-assignment-refresh.env
assignment-refresh-client-53.env                0%    0     0.0KB/s   --:-- ETA
assignment-refresh-client-53.env              100% 1050   234.1KB/s   00:00    
spawn scp -o StrictHostKeyChecking=accept-new -o ConnectTimeout=15 /tmp/rustynet-five-node.2Klphy/rn_sudo.pass mint@192.168.18.53:/tmp/rn_sudo.pass
rn_sudo.pass                                    0%    0     0.0KB/s   --:-- ETA
rn_sudo.pass                                  100%    6     1.7KB/s   00:00    
spawn ssh -o StrictHostKeyChecking=accept-new -o ConnectTimeout=15 mint@192.168.18.53 root(){ sudo -S -p "" "$@" < /tmp/rn_sudo.pass; }; root install -m 0600 -o root -g root /tmp/rn-assignment-refresh.env /etc/rustynet/assignment-refresh.env && rm -f /tmp/rn-assignment-refresh.env
[five-node-matrix] Enforcing auto-tunnel runtime on all nodes
spawn scp -o StrictHostKeyChecking=accept-new -o ConnectTimeout=15 /tmp/rustynet-five-node.2Klphy/rn_enforce_host.sh debian@192.168.18.49:/tmp/rn_enforce_host.sh
rn_enforce_host.sh                              0%    0     0.0KB/s   --:-- ETA
rn_enforce_host.sh                            100%  348   100.8KB/s   00:00    
spawn scp -o StrictHostKeyChecking=accept-new -o ConnectTimeout=15 /tmp/rustynet-five-node.2Klphy/rn_enforce_host.sh debian@192.168.18.50:/tmp/rn_enforce_host.sh
rn_enforce_host.sh                              0%    0     0.0KB/s   --:-- ETA
rn_enforce_host.sh                            100%  348    99.5KB/s   00:00    
spawn scp -o StrictHostKeyChecking=accept-new -o ConnectTimeout=15 /tmp/rustynet-five-node.2Klphy/rn_enforce_host.sh fedora@192.168.18.51:/tmp/rn_enforce_host.sh
rn_enforce_host.sh                              0%    0     0.0KB/s   --:-- ETA
rn_enforce_host.sh                            100%  348    91.4KB/s   00:00    
spawn scp -o StrictHostKeyChecking=accept-new -o ConnectTimeout=15 /tmp/rustynet-five-node.2Klphy/rn_enforce_host.sh ubuntu@192.168.18.52:/tmp/rn_enforce_host.sh
rn_enforce_host.sh                              0%    0     0.0KB/s   --:-- ETA
rn_enforce_host.sh                            100%  348    87.8KB/s   00:00    
spawn scp -o StrictHostKeyChecking=accept-new -o ConnectTimeout=15 /tmp/rustynet-five-node.2Klphy/rn_enforce_host.sh mint@192.168.18.53:/tmp/rn_enforce_host.sh
rn_enforce_host.sh                              0%    0     0.0KB/s   --:-- ETA
rn_enforce_host.sh                            100%  348    75.0KB/s   00:00    
spawn scp -o StrictHostKeyChecking=accept-new -o ConnectTimeout=15 /tmp/rustynet-five-node.2Klphy/enforce-49.env debian@192.168.18.49:/tmp/rn_enforce.env
enforce-49.env                                  0%    0     0.0KB/s   --:-- ETA
enforce-49.env                                100%   59    15.4KB/s   00:00    
spawn scp -o StrictHostKeyChecking=accept-new -o ConnectTimeout=15 /tmp/rustynet-five-node.2Klphy/rn_sudo.pass debian@192.168.18.49:/tmp/rn_sudo.pass
rn_sudo.pass                                    0%    0     0.0KB/s   --:-- ETA
rn_sudo.pass                                  100%    6     1.6KB/s   00:00    
spawn ssh -o StrictHostKeyChecking=accept-new -o ConnectTimeout=15 debian@192.168.18.49 chmod 700 /tmp/rn_enforce_host.sh && bash /tmp/rn_enforce_host.sh /tmp/rn_enforce.env
e2e enforce host complete: role=admin node_id=exit-49
spawn scp -o StrictHostKeyChecking=accept-new -o ConnectTimeout=15 /tmp/rustynet-five-node.2Klphy/enforce-50.env debian@192.168.18.50:/tmp/rn_enforce.env
enforce-50.env                                  0%    0     0.0KB/s   --:-- ETA
enforce-50.env                                100%   62    13.6KB/s   00:00    
spawn scp -o StrictHostKeyChecking=accept-new -o ConnectTimeout=15 /tmp/rustynet-five-node.2Klphy/rn_sudo.pass debian@192.168.18.50:/tmp/rn_sudo.pass
rn_sudo.pass                                    0%    0     0.0KB/s   --:-- ETA
rn_sudo.pass                                  100%    6     1.7KB/s   00:00    
spawn ssh -o StrictHostKeyChecking=accept-new -o ConnectTimeout=15 debian@192.168.18.50 chmod 700 /tmp/rn_enforce_host.sh && bash /tmp/rn_enforce_host.sh /tmp/rn_enforce.env
e2e enforce host complete: role=client node_id=client-50
spawn scp -o StrictHostKeyChecking=accept-new -o ConnectTimeout=15 /tmp/rustynet-five-node.2Klphy/enforce-51.env fedora@192.168.18.51:/tmp/rn_enforce.env
enforce-51.env                                  0%    0     0.0KB/s   --:-- ETA
enforce-51.env                                100%   62    13.2KB/s   00:00    
spawn scp -o StrictHostKeyChecking=accept-new -o ConnectTimeout=15 /tmp/rustynet-five-node.2Klphy/rn_sudo.pass fedora@192.168.18.51:/tmp/rn_sudo.pass
rn_sudo.pass                                    0%    0     0.0KB/s   --:-- ETA
rn_sudo.pass                                  100%    6     1.5KB/s   00:00    
spawn ssh -o StrictHostKeyChecking=accept-new -o ConnectTimeout=15 fedora@192.168.18.51 chmod 700 /tmp/rn_enforce_host.sh && bash /tmp/rn_enforce_host.sh /tmp/rn_enforce.env
e2e enforce host complete: role=client node_id=client-51
spawn scp -o StrictHostKeyChecking=accept-new -o ConnectTimeout=15 /tmp/rustynet-five-node.2Klphy/enforce-52.env ubuntu@192.168.18.52:/tmp/rn_enforce.env
enforce-52.env                                  0%    0     0.0KB/s   --:-- ETA
enforce-52.env                                100%   62    17.9KB/s   00:00    
spawn scp -o StrictHostKeyChecking=accept-new -o ConnectTimeout=15 /tmp/rustynet-five-node.2Klphy/rn_sudo.pass ubuntu@192.168.18.52:/tmp/rn_sudo.pass
rn_sudo.pass                                    0%    0     0.0KB/s   --:-- ETA
rn_sudo.pass                                  100%    6     1.4KB/s   00:00    
spawn ssh -o StrictHostKeyChecking=accept-new -o ConnectTimeout=15 ubuntu@192.168.18.52 chmod 700 /tmp/rn_enforce_host.sh && bash /tmp/rn_enforce_host.sh /tmp/rn_enforce.env
e2e enforce host complete: role=client node_id=client-52
spawn scp -o StrictHostKeyChecking=accept-new -o ConnectTimeout=15 /tmp/rustynet-five-node.2Klphy/enforce-53.env mint@192.168.18.53:/tmp/rn_enforce.env
enforce-53.env                                  0%    0     0.0KB/s   --:-- ETA
enforce-53.env                                100%   62    14.1KB/s   00:00    
spawn scp -o StrictHostKeyChecking=accept-new -o ConnectTimeout=15 /tmp/rustynet-five-node.2Klphy/rn_sudo.pass mint@192.168.18.53:/tmp/rn_sudo.pass
rn_sudo.pass                                    0%    0     0.0KB/s   --:-- ETA
rn_sudo.pass                                  100%    6     1.4KB/s   00:00    
spawn ssh -o StrictHostKeyChecking=accept-new -o ConnectTimeout=15 mint@192.168.18.53 chmod 700 /tmp/rn_enforce_host.sh && bash /tmp/rn_enforce_host.sh /tmp/rn_enforce.env
e2e enforce host complete: role=client node_id=client-53
[five-node-matrix] Advertising default route on exit-49
spawn scp -o StrictHostKeyChecking=accept-new -o ConnectTimeout=15 /tmp/rustynet-five-node.2Klphy/rn_sudo.pass debian@192.168.18.49:/tmp/rn_sudo.pass
rn_sudo.pass                                    0%    0     0.0KB/s   --:-- ETA
rn_sudo.pass                                  100%    6     1.7KB/s   00:00    
spawn ssh -o StrictHostKeyChecking=accept-new -o ConnectTimeout=15 debian@192.168.18.49 root(){ sudo -S -p "" "$@" < /tmp/rn_sudo.pass; }; root env RUSTYNET_DAEMON_SOCKET=/run/rustynet/rustynetd.sock rustynet route advertise 0.0.0.0/0
route advertised: 0.0.0.0/0
[five-node-matrix] Status snapshot for exit-49 (debian@192.168.18.49)
spawn scp -o StrictHostKeyChecking=accept-new -o ConnectTimeout=15 /tmp/rustynet-five-node.2Klphy/rn_sudo.pass debian@192.168.18.49:/tmp/rn_sudo.pass
rn_sudo.pass                                    0%    0     0.0KB/s   --:-- ETA
rn_sudo.pass                                  100%    6     1.6KB/s   00:00    
spawn ssh -o StrictHostKeyChecking=accept-new -o ConnectTimeout=15 debian@192.168.18.49 root(){ sudo -S -p "" "$@" < /tmp/rn_sudo.pass; }; root env RUSTYNET_DAEMON_SOCKET=/run/rustynet/rustynetd.sock rustynet status
node_id=exit-49 node_role=admin state=ExitActive generation=2 exit_node=none serving_exit_node=true lan_access=off restricted_safe_mode=false restriction_mode=None bootstrap_error=none reconcile_attempts=21 reconcile_failures=0 last_reconcile_unix=1772927370 last_reconcile_error=none encrypted_key_store=true auto_tunnel_enforce=true auto_port_forward_exit=false port_forward_external_port=none port_forward_error=none last_assignment=1772927330:1772927330328713216 membership_epoch=5 membership_active_nodes=5
spawn ssh -o StrictHostKeyChecking=accept-new -o ConnectTimeout=15 debian@192.168.18.49 root(){ sudo -S -p "" "$@" < /tmp/rn_sudo.pass; }; root test ! -e /var/lib/rustynet/keys/wireguard.passphrase && root test ! -e /etc/rustynet/wireguard.passphrase && root test ! -e /etc/rustynet/signing_key_passphrase && echo no-plaintext-passphrase-files
no-plaintext-passphrase-files
[five-node-matrix] Status snapshot for client-50 (debian@192.168.18.50)
spawn scp -o StrictHostKeyChecking=accept-new -o ConnectTimeout=15 /tmp/rustynet-five-node.2Klphy/rn_sudo.pass debian@192.168.18.50:/tmp/rn_sudo.pass
rn_sudo.pass                                    0%    0     0.0KB/s   --:-- ETA
rn_sudo.pass                                  100%    6     1.5KB/s   00:00    
spawn ssh -o StrictHostKeyChecking=accept-new -o ConnectTimeout=15 debian@192.168.18.50 root(){ sudo -S -p "" "$@" < /tmp/rn_sudo.pass; }; root env RUSTYNET_DAEMON_SOCKET=/run/rustynet/rustynetd.sock rustynet status
node_id=client-50 node_role=client state=ExitActive generation=1 exit_node=exit-49 serving_exit_node=false lan_access=off restricted_safe_mode=false restriction_mode=None bootstrap_error=none reconcile_attempts=17 reconcile_failures=0 last_reconcile_unix=1772927372 last_reconcile_error=none encrypted_key_store=true auto_tunnel_enforce=true auto_port_forward_exit=false port_forward_external_port=none port_forward_error=none last_assignment=1772927330:1772927330368711430 membership_epoch=5 membership_active_nodes=5
spawn ssh -o StrictHostKeyChecking=accept-new -o ConnectTimeout=15 debian@192.168.18.50 ip -4 route get 1.1.1.1
1.1.1.1 dev rustynet0 table 51820 src 100.68.175.216 uid 1000 
    cache 
spawn ssh -o StrictHostKeyChecking=accept-new -o ConnectTimeout=15 debian@192.168.18.50 root(){ sudo -S -p "" "$@" < /tmp/rn_sudo.pass; }; root test ! -e /var/lib/rustynet/keys/wireguard.passphrase && root test ! -e /etc/rustynet/wireguard.passphrase && root test ! -e /etc/rustynet/signing_key_passphrase && echo no-plaintext-passphrase-files
no-plaintext-passphrase-files
[five-node-matrix] Status snapshot for client-51 (fedora@192.168.18.51)
spawn scp -o StrictHostKeyChecking=accept-new -o ConnectTimeout=15 /tmp/rustynet-five-node.2Klphy/rn_sudo.pass fedora@192.168.18.51:/tmp/rn_sudo.pass
rn_sudo.pass                                    0%    0     0.0KB/s   --:-- ETA
rn_sudo.pass                                  100%    6     1.0KB/s   00:00    
spawn ssh -o StrictHostKeyChecking=accept-new -o ConnectTimeout=15 fedora@192.168.18.51 root(){ sudo -S -p "" "$@" < /tmp/rn_sudo.pass; }; root env RUSTYNET_DAEMON_SOCKET=/run/rustynet/rustynetd.sock rustynet status
node_id=client-51 node_role=client state=ExitActive generation=1 exit_node=exit-49 serving_exit_node=false lan_access=off restricted_safe_mode=false restriction_mode=None bootstrap_error=none reconcile_attempts=15 reconcile_failures=0 last_reconcile_unix=1772927374 last_reconcile_error=none encrypted_key_store=true auto_tunnel_enforce=true auto_port_forward_exit=false port_forward_external_port=none port_forward_error=none last_assignment=1772927330:1772927330400709999 membership_epoch=5 membership_active_nodes=5
spawn ssh -o StrictHostKeyChecking=accept-new -o ConnectTimeout=15 fedora@192.168.18.51 ip -4 route get 1.1.1.1
1.1.1.1 dev rustynet0 table 51820 src 100.82.160.108 uid 1000 
    cache 
spawn ssh -o StrictHostKeyChecking=accept-new -o ConnectTimeout=15 fedora@192.168.18.51 root(){ sudo -S -p "" "$@" < /tmp/rn_sudo.pass; }; root test ! -e /var/lib/rustynet/keys/wireguard.passphrase && root test ! -e /etc/rustynet/wireguard.passphrase && root test ! -e /etc/rustynet/signing_key_passphrase && echo no-plaintext-passphrase-files
no-plaintext-passphrase-files
[five-node-matrix] Status snapshot for client-52 (ubuntu@192.168.18.52)
spawn scp -o StrictHostKeyChecking=accept-new -o ConnectTimeout=15 /tmp/rustynet-five-node.2Klphy/rn_sudo.pass ubuntu@192.168.18.52:/tmp/rn_sudo.pass
rn_sudo.pass                                    0%    0     0.0KB/s   --:-- ETA
rn_sudo.pass                                  100%    6     0.7KB/s   00:00    
spawn ssh -o StrictHostKeyChecking=accept-new -o ConnectTimeout=15 ubuntu@192.168.18.52 root(){ sudo -S -p "" "$@" < /tmp/rn_sudo.pass; }; root env RUSTYNET_DAEMON_SOCKET=/run/rustynet/rustynetd.sock rustynet status
node_id=client-52 node_role=client state=ExitActive generation=1 exit_node=exit-49 serving_exit_node=false lan_access=off restricted_safe_mode=false restriction_mode=None bootstrap_error=none reconcile_attempts=14 reconcile_failures=0 last_reconcile_unix=1772927377 last_reconcile_error=none encrypted_key_store=true auto_tunnel_enforce=true auto_port_forward_exit=false port_forward_external_port=none port_forward_error=none last_assignment=1772927330:1772927330436708391 membership_epoch=5 membership_active_nodes=5
spawn ssh -o StrictHostKeyChecking=accept-new -o ConnectTimeout=15 ubuntu@192.168.18.52 ip -4 route get 1.1.1.1
1.1.1.1 dev rustynet0 table 51820 src 100.114.50.146 uid 1000 
    cache 
spawn ssh -o StrictHostKeyChecking=accept-new -o ConnectTimeout=15 ubuntu@192.168.18.52 root(){ sudo -S -p "" "$@" < /tmp/rn_sudo.pass; }; root test ! -e /var/lib/rustynet/keys/wireguard.passphrase && root test ! -e /etc/rustynet/wireguard.passphrase && root test ! -e /etc/rustynet/signing_key_passphrase && echo no-plaintext-passphrase-files
no-plaintext-passphrase-files
[five-node-matrix] Status snapshot for client-53 (mint@192.168.18.53)
spawn scp -o StrictHostKeyChecking=accept-new -o ConnectTimeout=15 /tmp/rustynet-five-node.2Klphy/rn_sudo.pass mint@192.168.18.53:/tmp/rn_sudo.pass
rn_sudo.pass                                    0%    0     0.0KB/s   --:-- ETA
rn_sudo.pass                                  100%    6     1.4KB/s   00:00    
spawn ssh -o StrictHostKeyChecking=accept-new -o ConnectTimeout=15 mint@192.168.18.53 root(){ sudo -S -p "" "$@" < /tmp/rn_sudo.pass; }; root env RUSTYNET_DAEMON_SOCKET=/run/rustynet/rustynetd.sock rustynet status
node_id=client-53 node_role=client state=ExitActive generation=1 exit_node=exit-49 serving_exit_node=false lan_access=off restricted_safe_mode=false restriction_mode=None bootstrap_error=none reconcile_attempts=13 reconcile_failures=0 last_reconcile_unix=1772927378 last_reconcile_error=none encrypted_key_store=true auto_tunnel_enforce=true auto_port_forward_exit=false port_forward_external_port=none port_forward_error=none last_assignment=1772927330:1772927330468706963 membership_epoch=5 membership_active_nodes=5
spawn ssh -o StrictHostKeyChecking=accept-new -o ConnectTimeout=15 mint@192.168.18.53 ip -4 route get 1.1.1.1
1.1.1.1 dev rustynet0 table 51820 src 100.76.206.118 uid 1000 
    cache 
spawn ssh -o StrictHostKeyChecking=accept-new -o ConnectTimeout=15 mint@192.168.18.53 root(){ sudo -S -p "" "$@" < /tmp/rn_sudo.pass; }; root test ! -e /var/lib/rustynet/keys/wireguard.passphrase && root test ! -e /etc/rustynet/wireguard.passphrase && root test ! -e /etc/rustynet/signing_key_passphrase && echo no-plaintext-passphrase-files
no-plaintext-passphrase-files
[five-node-matrix] Exit NAT tables
spawn scp -o StrictHostKeyChecking=accept-new -o ConnectTimeout=15 /tmp/rustynet-five-node.2Klphy/rn_sudo.pass debian@192.168.18.49:/tmp/rn_sudo.pass
rn_sudo.pass                                    0%    0     0.0KB/s   --:-- ETA
rn_sudo.pass                                  100%    6     1.8KB/s   00:00    
spawn ssh -o StrictHostKeyChecking=accept-new -o ConnectTimeout=15 debian@192.168.18.49 root(){ sudo -S -p "" "$@" < /tmp/rn_sudo.pass; }; root nft list tables && root nft list ruleset | rg 'rustynet|masquerade|iifname "rustynet0"|oifname'
table inet rustynet_g2
table ip rustynet_nat_g2
table inet rustynet_g2 {
		oifname "lo" accept
		oifname "rustynet0" accept
		oifname "enp0s9" accept
		udp dport 53 oifname != "rustynet0" drop
		tcp dport 53 oifname != "rustynet0" drop
		iifname "rustynet0" oifname "enp0s9" accept
table ip rustynet_nat_g2 {
		oifname "enp0s9" masquerade
[five-node-matrix] Client command-deny checks
spawn scp -o StrictHostKeyChecking=accept-new -o ConnectTimeout=15 /tmp/rustynet-five-node.2Klphy/rn_sudo.pass debian@192.168.18.50:/tmp/rn_sudo.pass
rn_sudo.pass                                    0%    0     0.0KB/s   --:-- ETA
rn_sudo.pass                                  100%    6     1.9KB/s   00:00    
spawn scp -o StrictHostKeyChecking=accept-new -o ConnectTimeout=15 /tmp/rustynet-five-node.2Klphy/rn_sudo.pass mint@192.168.18.53:/tmp/rn_sudo.pass
rn_sudo.pass                                    0%    0     0.0KB/s   --:-- ETA
rn_sudo.pass                                  100%    6     1.1KB/s   00:00    
spawn ssh -o StrictHostKeyChecking=accept-new -o ConnectTimeout=15 debian@192.168.18.50 root(){ sudo -S -p "" "$@" < /tmp/rn_sudo.pass; }; if root env RUSTYNET_DAEMON_SOCKET=/run/rustynet/rustynetd.sock rustynet route advertise 10.250.0.0/16; then echo unexpected-success; exit 1; else echo command-denied-as-expected; fi
error: command denied: current node role does not permit this operation
command-denied-as-expected
spawn ssh -o StrictHostKeyChecking=accept-new -o ConnectTimeout=15 mint@192.168.18.53 root(){ sudo -S -p "" "$@" < /tmp/rn_sudo.pass; }; if root env RUSTYNET_DAEMON_SOCKET=/run/rustynet/rustynetd.sock rustynet route advertise 10.250.0.0/16; then echo unexpected-success; exit 1; else echo command-denied-as-expected; fi
error: command denied: current node role does not permit this operation
command-denied-as-expected
[five-node-matrix] Fresh five-node one-hop matrix complete: network=rn-lab-20260307T234314Z
