[lan-toggle] Collecting WireGuard public keys
[lan-toggle] Issuing signed LAN-toggle assignments on debian@192.168.18.49
signing passphrase materialized at /tmp/rn-lan-passphrase.1CpMRm
assignment bundle issued: target=exit-49 output=/run/rustynet/assignment-issue/rn-assignment-exit-49.assignment generated_at_unix=1772927868 expires_at_unix=1772928168 verifier_key_output=/run/rustynet/assignment-issue/rn-assignment.pub
assignment bundle issued: target=client-50 output=/run/rustynet/assignment-issue/rn-assignment-client-50.assignment generated_at_unix=1772927868 expires_at_unix=1772928168 verifier_key_output=/run/rustynet/assignment-issue/rn-assignment.pub
assignment bundle issued: target=client-51 output=/run/rustynet/assignment-issue/rn-assignment-client-51.assignment generated_at_unix=1772927868 expires_at_unix=1772928168 verifier_key_output=/run/rustynet/assignment-issue/rn-assignment.pub
[lan-toggle] Distributing signed assignments
[lan-toggle] Enforcing runtime roles
e2e enforce host complete: role=admin node_id=exit-49
e2e enforce host complete: role=client node_id=client-50
e2e enforce host complete: role=blind_exit node_id=client-51
[lan-toggle] Advertising default route on exit
[lan-toggle] Provisioning synthetic LAN subnet on exit
[lan-toggle] Initial client status
node_id=client-50 node_role=client state=ExitActive generation=1 exit_node=exit-49 serving_exit_node=false lan_access=off restricted_safe_mode=false restriction_mode=None bootstrap_error=none reconcile_attempts=10 reconcile_failures=0 last_reconcile_unix=1772927893 last_reconcile_error=none encrypted_key_store=true auto_tunnel_enforce=true auto_port_forward_exit=false port_forward_external_port=none port_forward_error=none last_assignment=1772927868:1772927868316662220 membership_epoch=5 membership_active_nodes=5
LAN access coupling disabled via /etc/rustynet/assignment-refresh.env
LAN access coupling enabled with 192.168.1.0/24 via /etc/rustynet/assignment-refresh.env
LAN access coupling disabled via /etc/rustynet/assignment-refresh.env
error: LAN access coupling is not permitted for blind_exit role
[lan-toggle] Client status after LAN on
node_id=client-50 node_role=client state=ExitActive generation=1 exit_node=exit-49 serving_exit_node=false lan_access=on restricted_safe_mode=false restriction_mode=None bootstrap_error=none reconcile_attempts=5 reconcile_failures=0 last_reconcile_unix=1772927907 last_reconcile_error=none encrypted_key_store=true auto_tunnel_enforce=true auto_port_forward_exit=false port_forward_external_port=none port_forward_error=none last_assignment=1772927901:1772927901197839668 membership_epoch=5 membership_active_nodes=5
[lan-toggle] Client route to LAN probe after LAN on
192.168.1.1 dev rustynet0 table 51820 src 100.68.175.216 uid 1000 
    cache 
[lan-toggle] Client status after LAN off
node_id=client-50 node_role=client state=ExitActive generation=1 exit_node=exit-49 serving_exit_node=false lan_access=off restricted_safe_mode=false restriction_mode=None bootstrap_error=none reconcile_attempts=3 reconcile_failures=0 last_reconcile_unix=1772927913 last_reconcile_error=none encrypted_key_store=true auto_tunnel_enforce=true auto_port_forward_exit=false port_forward_external_port=none port_forward_error=none last_assignment=1772927909:1772927909321729949 membership_epoch=5 membership_active_nodes=5
[lan-toggle] Blind exit status
node_id=client-51 node_role=blind_exit state=ExitActive generation=2 exit_node=none serving_exit_node=true lan_access=off restricted_safe_mode=false restriction_mode=None bootstrap_error=none reconcile_attempts=27 reconcile_failures=0 last_reconcile_unix=1772927914 last_reconcile_error=none encrypted_key_store=true auto_tunnel_enforce=true auto_port_forward_exit=false port_forward_external_port=none port_forward_error=none last_assignment=1772927868:1772927868356660431 membership_epoch=5 membership_active_nodes=5
[lan-toggle] LAN toggle report written: /Users/iwanteague/Desktop/Rustynet/artifacts/phase10/live_linux_lan_toggle_report.json
