 
 
 
 
 
 
[exit-handoff] Collecting WireGuard public keys
[exit-handoff] Issuing signed handoff assignments on debian@192.168.18.49
 
 
 
signing passphrase materialized at /tmp/rn-handoff-passphrase.6UFbUy
assignment bundle issued: target=exit-1 output=/run/rustynet/assignment-issue/rn-assignment-exit-1.assignment generated_at_unix=1772972052 expires_at_unix=1772972352 verifier_key_output=/run/rustynet/assignment-issue/rn-assignment.pub
assignment bundle issued: target=client-2 output=/run/rustynet/assignment-issue/rn-assignment-client-2.assignment generated_at_unix=1772972052 expires_at_unix=1772972352 verifier_key_output=/run/rustynet/assignment-issue/rn-assignment.pub
assignment bundle issued: target=client-1 output=/run/rustynet/assignment-issue/rn-assignment-client-1.assignment generated_at_unix=1772972052 expires_at_unix=1772972352 verifier_key_output=/run/rustynet/assignment-issue/rn-assignment.pub
 
[exit-handoff] Distributing signed assignments
 
 
 
 
 
 
 
 
 
 
 
 
 
 
 
[exit-handoff] Enforcing runtime roles
 
e2e enforce host complete: role=admin node_id=exit-1
 
e2e enforce host complete: role=admin node_id=client-2
 
e2e enforce host complete: role=client node_id=client-1
[exit-handoff] Advertising default route on both exits
 
 
 
 
 
 
 
 
 
 
 
 
 
 
 
 
 
 
 
 
[exit-handoff] Switching client exit to client-2
 
 
 
role coupling applied for target role client
 
 
 
 
 
 
 
 
 
 
 
 
 
 
 
 
 
 
 
 
 
 
 
 
 
 
 
 
 
 
 
 
 
 
 
[exit-handoff] Final client status
node_id=client-1 node_role=client state=ExitActive generation=1 exit_node=client-2 serving_exit_node=false lan_access=off restricted_safe_mode=false restriction_mode=None bootstrap_error=none reconcile_attempts=75 reconcile_failures=0 last_reconcile_unix=1772972193 last_reconcile_error=none encrypted_key_store=true auto_tunnel_enforce=true traversal_authority=enforced_v1 traversal_probe_result=none traversal_probe_reason=none traversal_probe_attempts=0 traversal_probe_endpoint=none traversal_probe_latest_handshake_unix=none auto_port_forward_exit=false port_forward_external_port=none port_forward_error=none last_assignment=1772972117:1772972117848424667 membership_epoch=5 membership_active_nodes=5
[exit-handoff] Final exit A status
node_id=exit-1 node_role=admin state=ExitActive generation=2 exit_node=none serving_exit_node=true lan_access=off restricted_safe_mode=false restriction_mode=None bootstrap_error=none reconcile_attempts=119 reconcile_failures=0 last_reconcile_unix=1772972194 last_reconcile_error=none encrypted_key_store=true auto_tunnel_enforce=true traversal_authority=enforced_v1 traversal_probe_result=none traversal_probe_reason=none traversal_probe_attempts=0 traversal_probe_endpoint=none traversal_probe_latest_handshake_unix=none auto_port_forward_exit=false port_forward_external_port=none port_forward_error=none last_assignment=1772972052:1772972052077626716 membership_epoch=5 membership_active_nodes=5
[exit-handoff] Final exit B status
node_id=client-2 node_role=admin state=ExitActive generation=3 exit_node=none serving_exit_node=true lan_access=off restricted_safe_mode=false restriction_mode=None bootstrap_error=none reconcile_attempts=128 reconcile_failures=0 last_reconcile_unix=1772972195 last_reconcile_error=none encrypted_key_store=true auto_tunnel_enforce=true traversal_authority=enforced_v1 traversal_probe_result=none traversal_probe_reason=none traversal_probe_attempts=0 traversal_probe_endpoint=none traversal_probe_latest_handshake_unix=none auto_port_forward_exit=false port_forward_external_port=none port_forward_error=none last_assignment=1772972194:1772972194967109975 membership_epoch=5 membership_active_nodes=5
[exit-handoff] Final client route
1.1.1.1 dev rustynet0 table 51820 src 100.68.223.117 uid 1000 
    cache 
[exit-handoff] Final client endpoints
GJTFsmwRxL2HIvKjiI8ieXrfCfTwjd2NriOjmiGM9BY=	192.168.18.52:51820
eTxJigwqUOxOlETzkiS/WIYLshOBbWKzUSZFnoAenhw=	192.168.18.49:51820
[exit-handoff] Exit handoff report written: artifacts/phase10/live_linux_exit_handoff_report.json
