=== Phase 24 macOS Smoke — Pre-state Gap Check ===
Run: 2026-05-25T22:22:32Z
VM: mac@192.168.64.18

--- launchctl daemon presence ---
rc= 0

--- launchd plist files ---
-rw-r--r--  1 root  wheel  4260 May 25 02:37 /Library/LaunchDaemons/com.rustynet.daemon.plist.b2.bak

--- binaries on disk ---
May 25 07:09:10 2026 8423504 /usr/local/bin/rustynet
May 25 07:09:10 2026 4142384 /usr/local/bin/rustynetd

--- state root /usr/local/var/rustynet ---
ls: /usr/local/var/rustynet/: No such file or directory

--- runtime socket parent /private/var/run/rustynet ---
ls: /private/var/run/rustynet: No such file or directory

--- keychain wg-passphrase entries ---
    0x00000007 <blob>="net.rustynet.wg-key-passphrase"
    0x00000008 <blob>=<NULL>
    "acct"<blob>="wg-passphrase-macos-client-1"
    "cdat"<timedate>=0x32303236303532313230333533325A00  "20260521203532Z\000"
--
    "svce"<blob>="net.rustynet.wg-key-passphrase"
    "type"<uint32>=<NULL>
--
    0x00000007 <blob>="rustynet.wg-private-8e803357cadbf0c5"
    0x00000008 <blob>=<NULL>
    "acct"<blob>="rustynet"
    "cdat"<timedate>=0x32303236303532313230343930345A00  "20260521204904Z\000"
--
    "svce"<blob>="rustynet.wg-private-8e803357cadbf0c5"
    "type"<uint32>=<NULL>
