[lan-toggle] Collecting WireGuard public keys
[lan-toggle] Issuing signed LAN-toggle assignments on debian@192.168.18.49
signing passphrase materialized at /tmp/rn-lan-passphrase.EYqYgt
assignment bundle issued: target=exit-1 output=/run/rustynet/assignment-issue/rn-assignment-exit-1.assignment generated_at_unix=1772979196 expires_at_unix=1772979496 verifier_key_output=/run/rustynet/assignment-issue/rn-assignment.pub
assignment bundle issued: target=client-1 output=/run/rustynet/assignment-issue/rn-assignment-client-1.assignment generated_at_unix=1772979196 expires_at_unix=1772979496 verifier_key_output=/run/rustynet/assignment-issue/rn-assignment.pub
assignment bundle issued: target=client-3 output=/run/rustynet/assignment-issue/rn-assignment-client-3.assignment generated_at_unix=1772979196 expires_at_unix=1772979496 verifier_key_output=/run/rustynet/assignment-issue/rn-assignment.pub[lan-toggle] Distributing signed assignments
[lan-toggle] Enforcing runtime roles
[lan-toggle] Advertising default route on exit
[lan-toggle] Provisioning synthetic LAN subnet on exit
[lan-toggle] Initial client status
node_id=client-1 node_role=client state=ExitActive generation=1 exit_node=exit-1 serving_exit_node=false lan_access=off restricted_safe_mode=false restriction_mode=None bootstrap_error=none reconcile_attempts=11 reconcile_failures=0 last_reconcile_unix=1772979221 last_reconcile_error=none encrypted_key_store=true auto_tunnel_enforce=true traversal_authority=enforced_v1 traversal_probe_result=none traversal_probe_reason=none traversal_probe_attempts=0 traversal_probe_endpoint=none traversal_probe_latest_handshake_unix=none auto_port_forward_exit=false port_forward_external_port=none port_forward_error=none last_assignment=1772979196:1772979196249961736 membership_epoch=5 membership_active_nodes=5
[lan-toggle] Client status after LAN on
node_id=client-1 node_role=client state=ExitActive generation=1 exit_node=exit-1 serving_exit_node=false lan_access=on restricted_safe_mode=false restriction_mode=None bootstrap_error=none reconcile_attempts=5 reconcile_failures=0 last_reconcile_unix=1772979233 last_reconcile_error=none encrypted_key_store=true auto_tunnel_enforce=true traversal_authority=enforced_v1 traversal_probe_result=none traversal_probe_reason=none traversal_probe_attempts=0 traversal_probe_endpoint=none traversal_probe_latest_handshake_unix=none auto_port_forward_exit=false port_forward_external_port=none port_forward_error=none last_assignment=1772979227:1772979227971942969 membership_epoch=5 membership_active_nodes=5
[lan-toggle] Client route to LAN probe after LAN on
192.168.1.1 dev rustynet0 table 51820 src 100.68.223.117 uid 1000 
    cache 
[lan-toggle] Client status after LAN off
node_id=client-1 node_role=client state=ExitActive generation=1 exit_node=exit-1 serving_exit_node=false lan_access=off restricted_safe_mode=false restriction_mode=None bootstrap_error=none reconcile_attempts=3 reconcile_failures=0 last_reconcile_unix=1772979239 last_reconcile_error=none encrypted_key_store=true auto_tunnel_enforce=true traversal_authority=enforced_v1 traversal_probe_result=none traversal_probe_reason=none traversal_probe_attempts=0 traversal_probe_endpoint=none traversal_probe_latest_handshake_unix=none auto_port_forward_exit=false port_forward_external_port=none port_forward_error=none last_assignment=1772979235:1772979235875706899 membership_epoch=5 membership_active_nodes=5
[lan-toggle] Blind exit status
node_id=client-3 node_role=blind_exit state=ExitActive generation=1 exit_node=none serving_exit_node=true lan_access=off restricted_safe_mode=false restriction_mode=None bootstrap_error=none reconcile_attempts=27 reconcile_failures=0 last_reconcile_unix=1772979241 last_reconcile_error=none encrypted_key_store=true auto_tunnel_enforce=true traversal_authority=enforced_v1 traversal_probe_result=none traversal_probe_reason=none traversal_probe_attempts=0 traversal_probe_endpoint=none traversal_probe_latest_handshake_unix=none auto_port_forward_exit=false port_forward_external_port=none port_forward_error=none last_assignment=1772979196:1772979196249961736 membership_epoch=5 membership_active_nodes=5
[lan-toggle] LAN toggle report written: /Users/iwanteague/Desktop/Rustynet/artifacts/live_lab/20260308T140632Z/live_linux_lan_toggle_report.json
