==============================================================================
Phase 25 - Step 4 install layout capture (PARTIAL - guest OOM blocked full enumeration)
==============================================================================

Confirmed via single-probe Test-Path during the pre-OOM window:
    Test-Path 'C:\Program Files\RustyNet'        -> True

Could NOT be confirmed (each retry triggered guest OOM /
StackOverflowException / paging-file-too-small):
    Test-Path 'C:\Program Files\RustyNet\rustynet.exe'             -> unknown
    Test-Path 'C:\Program Files\RustyNet\rustynetd.exe'            -> unknown
    Test-Path 'C:\ProgramData\RustyNet'                            -> unknown
    Test-Path 'C:\ProgramData\RustyNet\state'                      -> unknown
    Test-Path 'C:\ProgramData\RustyNet\secrets'                    -> unknown
    Test-Path 'C:\ProgramData\RustyNet\trust'                      -> unknown
    Test-Path 'C:\ProgramData\RustyNet\credentials-workspace'      -> unknown

Notes:
  * Get-Service RustyNet returned Status=Running, StartType=Automatic
    during the same pre-OOM window. A Running RustyNet service implies
    rustynetd.exe exists at the canonical InstallRoot, and the
    ProgramData state root must exist for the service to have started
    (the Phase 21 install helper fails closed if any required dir is
    missing). So the install IS provisioned - this could not be
    individually enumerated in the current guest state.

  * The Phase 30 bootstrap verifier
    (scripts/bootstrap/windows/Verify-RustyNetWindowsBootstrap.ps1 with
    RequireLivePath) is the canonical way to validate the full install
    layout. Its evidence cannot be re-captured under the current guest
    state.

Operator action: see preflight.log [G] for remediation steps. After
the guest is restored, re-run from this evidence directory:

    $ ssh -i ~/.ssh/rustynet_lab_ed25519 windows@192.168.65.8 \\
        'powershell.exe -NoProfile -Command \\
         "Get-ChildItem -Path C:\\ProgramData\\RustyNet -Recurse -Force | \\
          Select-Object FullName,Length | Format-Table -AutoSize"'
